0.000113,5684
0.135196,5682
0.258342,5680
0.380993,5678
0.524913,5676
0.683773,5674
0.836239,5672
0.980459,5670
1.11056,5668
1.24064,5666
1.39131,5664
1.53372,5662
1.65275,5660
1.77707,5658
1.89651,5656
2.01597,5654
2.15412,5652
2.28633,5650
2.4182,5648
2.58214,5646
2.70119,5644
2.84957,5642
2.99929,5640
3.15151,5638
3.29308,5636
3.42141,5634
3.56244,5632
3.68249,5630
3.84796,5628
3.97485,5626
4.12465,5624
4.26549,5622
4.38503,5620
4.5548,5618
4.67405,5616
4.793,5614
4.9224,5612
5.05019,5610
5.17064,5608
5.34129,5606
5.47809,5604
5.60689,5602
5.75279,5600
5.87192,5598
5.99296,5596
6.15948,5594
6.28072,5592
6.44724,5590
6.57585,5588
6.71112,5586
6.84613,5584
6.96718,5582
7.10085,5580
7.22023,5578
7.38151,5576
7.52221,5574
7.6423,5572
7.79683,5570
7.9222,5568
8.06313,5566
8.20624,5564
8.33824,5562
8.48232,5560
8.62327,5558
8.74201,5556
8.90219,5554
9.02306,5552
9.14147,5550
9.26142,5548
9.41257,5546
9.5311,5544
9.6629,5542
9.7818,5540
9.94807,5538
10.0666,5536
10.1949,5534
10.3293,5532
10.4479,5530
10.6083,5528
10.7301,5526
10.8494,5524
10.9685,5522
11.0876,5520
11.2309,5518
11.3593,5516
11.5009,5514
11.6386,5512
11.7579,5510
11.8828,5508
12.0084,5506
12.1468,5504
12.2666,5502
12.4186,5500
12.537,5498
12.6558,5496
12.7973,5494
12.9187,5492
13.0387,5490
13.1579,5488
13.2803,5486
13.3997,5484
13.5245,5482
13.6447,5480
13.8023,5478
13.9269,5476
14.0453,5474
14.2065,5472
14.3423,5470
14.4808,5468
14.6239,5466
14.7524,5464
14.8752,5462
15.0096,5460
15.1812,5458
15.3005,5456
15.4203,5454
15.5428,5452
15.7009,5450
15.8501,5448
15.9685,5446
16.0873,5444
16.2119,5442
16.3315,5440
16.486,5438
16.6251,5436
16.7436,5434
16.8684,5432
16.9908,5430
17.1105,5428
17.2304,5426
17.3498,5424
17.4969,5422
17.6346,5420
17.7538,5418
17.874,5416
17.9933,5414
18.1128,5412
18.2325,5410
18.3549,5408
18.4741,5406
18.5939,5404
18.7131,5402
18.8604,5400
18.9876,5398
19.1068,5396
19.2265,5394
19.3458,5392
19.4651,5390
19.5845,5388
19.7038,5386
19.8236,5384
19.9431,5382
20.0652,5380
20.1842,5378
20.3076,5376
20.4271,5374
20.5463,5372
20.675,5370
20.7936,5368
20.913,5366
21.032,5364
21.151,5362
21.2705,5360
21.3938,5358
21.5132,5356
21.6328,5354
21.7578,5352
21.8769,5350
21.9968,5348
22.1161,5346
22.2357,5344
22.3549,5342
22.4743,5340
22.5934,5338
22.713,5336
22.833,5334
22.9521,5332
23.0713,5330
23.1909,5328
23.3103,5326
23.4294,5324
23.5485,5322
23.6679,5320
23.7874,5318
23.9302,5316
24.0488,5314
24.1965,5312
24.3402,5310
24.4593,5308
24.5788,5306
24.6979,5304
24.8212,5302
24.9587,5300
25.1059,5298
25.2473,5296
25.3891,5294
25.5098,5292
25.6334,5290
25.7598,5288
25.883,5286
26.008,5284
26.1276,5282
26.2471,5280
26.3732,5278
26.4973,5276
26.6182,5274
26.7391,5272
26.8592,5270
26.9798,5268
27.0993,5266
27.2238,5264
27.3435,5262
27.4702,5260
27.5905,5258
27.7111,5256
27.8313,5254
27.9524,5252
28.0723,5250
28.1914,5248
28.3108,5246
28.431,5244
28.5522,5242
28.7071,5240
28.8414,5238
28.9611,5236
29.0797,5234
29.1985,5232
29.3178,5230
29.438,5228
29.5585,5226
29.678,5224
29.7979,5222
29.9185,5220
30.0378,5218
30.1566,5216
30.2761,5214
30.3958,5212
30.5165,5210
30.6365,5208
30.7611,5206
30.8855,5204
31.0056,5202
31.1246,5200
31.2435,5198
31.3629,5196
31.483,5194
31.6033,5192
31.7231,5190
31.8434,5188
31.9641,5186
32.0829,5184
32.2017,5182
32.3285,5180
32.4651,5178
32.6041,5176
32.7468,5174
32.8949,5172
33.0208,5170
33.1414,5168
33.2768,5166
33.4479,5164
33.5777,5162
33.7017,5160
33.8246,5158
33.9497,5156
34.0721,5154
34.1977,5152
34.3214,5150
34.4521,5148
34.5761,5146
34.695,5144
34.8135,5142
34.933,5140
35.059,5138
35.1777,5136
35.296,5134
35.42,5132
35.5387,5130
35.6576,5128
35.7764,5126
35.8949,5124
36.0133,5122
36.1385,5120
36.2642,5118
36.3825,5116
36.5012,5114
36.6195,5112
36.7438,5110
36.863,5108
36.9824,5106
37.101,5104
37.2208,5102
37.3397,5100
37.4623,5098
37.5864,5096
37.71,5094
37.8291,5092
37.948,5090
38.0671,5088
38.1859,5086
38.3048,5084
38.4236,5082
38.5423,5080
38.6613,5078
38.7804,5076
38.8994,5074
39.0184,5072
39.1372,5070
39.2561,5068
39.3748,5066
39.4938,5064
39.6131,5062
39.7323,5060
39.8998,5058
40.0264,5056
40.1472,5054
40.2659,5052
40.3849,5050
40.504,5048
40.6234,5046
40.7427,5044
40.8619,5042
40.9809,5040
41.0998,5038
41.2189,5036
41.3378,5034
41.4568,5032
41.581,5030
41.7003,5028
41.8197,5026
41.9387,5024
42.0633,5022
42.1819,5020
42.301,5018
42.4254,5016
42.5452,5014
42.6638,5012
42.7836,5010
42.9066,5008
43.0295,5006
43.1485,5004
43.2674,5002
43.3865,5000
43.5056,4998
43.6245,4996
43.7458,4994
43.8668,4992
43.9862,4990
44.1051,4988
44.2241,4986
44.3526,4984
44.4719,4982
44.5914,4980
44.7115,4978
44.8308,4976
44.95,4974
45.0689,4972
45.1878,4970
45.3066,4968
45.433,4966
45.5541,4964
45.6815,4962
45.8031,4960
45.9222,4958
46.0411,4956
46.1605,4954
46.2805,4952
46.3993,4950
46.5273,4948
46.6458,4946
46.766,4944
46.8848,4942
47.0054,4940
47.1246,4938
47.2477,4936
47.3658,4934
47.4842,4932
47.6028,4930
47.7222,4928
47.8411,4926
47.9599,4924
48.0788,4922
48.1976,4920
48.3164,4918
48.4354,4916
48.5546,4914
48.6739,4912
48.853,4910
48.9815,4908
49.1001,4906
49.2191,4904
49.3384,4902
49.4573,4900
49.5769,4898
49.696,4896
49.815,4894
49.934,4892
50.0531,4890
50.1768,4888
50.2957,4886
50.4143,4884
50.5331,4882
50.6525,4880
50.7714,4878
50.8918,4876
51.0105,4874
51.129,4872
51.2477,4870
51.3662,4868
51.4849,4866
51.6036,4864
51.7224,4862
51.8421,4860
51.9653,4858
52.0931,4856
52.2118,4854
52.3305,4852
52.4498,4850
52.5687,4848
52.6881,4846
52.8068,4844
52.9256,4842
53.0497,4840
53.1682,4838
53.2868,4836
53.4053,4834
53.5242,4832
53.6429,4830
53.7617,4828
53.8807,4826
53.9995,4824
54.1181,4822
54.2366,4820
54.3553,4818
54.4739,4816
54.5926,4814
54.7114,4812
54.83,4810
54.9487,4808
55.0672,4806
55.1859,4804
55.3045,4802
55.4231,4800
55.542,4798
55.6612,4796
55.7799,4794
55.8986,4792
56.0171,4790
56.1354,4788
56.254,4786
56.3727,4784
56.4914,4782
56.6099,4780
56.7288,4778
56.8477,4776
56.9662,4774
57.0849,4772
57.2034,4770
57.322,4768
57.4407,4766
57.5594,4764
57.6783,4762
57.7971,4760
57.9156,4758
58.0341,4756
58.1526,4754
58.2711,4752
58.3897,4750
58.5082,4748
58.6267,4746
58.7483,4744
58.8672,4742
58.9859,4740
59.1044,4738
59.2228,4736
59.3417,4734
59.4602,4732
59.5845,4730
59.7034,4728
59.8221,4726
59.9412,4724
60.0596,4722
60.1779,4720
60.2965,4718
60.415,4716
60.5343,4714
60.6571,4712
60.7757,4710
60.8947,4708
61.0155,4706
61.1467,4704
61.2943,4702
61.413,4700
61.5573,4698
61.6756,4696
61.8244,4694
61.9501,4692
62.0691,4690
62.2097,4688
62.3345,4686
62.5046,4684
62.6239,4682
62.7615,4680
62.8795,4678
63.0291,4676
63.1506,4674
63.2849,4672
63.4236,4670
63.5583,4668
63.7059,4666
63.8246,4664
63.9643,4662
64.0826,4660
64.2325,4658
64.3514,4656
64.473,4654
64.595,4652
64.7147,4650
64.8335,4648
64.9539,4646
65.0734,4644
65.2082,4642
65.3308,4640
65.4669,4638
65.6152,4636
65.7466,4634
65.8894,4632
66.0076,4630
66.1683,4628
66.2866,4626
66.4055,4624
66.5499,4622
66.6687,4620
66.7982,4618
66.953,4616
67.0711,4614
67.2175,4612
67.3355,4610
67.4538,4608
67.6139,4606
67.7329,4604
67.8661,4602
67.9951,4600
68.1263,4598
68.2735,4596
68.3928,4594
68.5144,4592
68.6497,4590
68.7682,4588
68.9183,4586
69.0364,4584
69.1587,4582
69.2773,4580
69.421,4578
69.5394,4576
69.6697,4574
69.8251,4572
69.9432,4570
70.0785,4568
70.1964,4566
70.3424,4564
70.4605,4562
70.5794,4560
70.7009,4558
70.8196,4556
70.9388,4554
71.0572,4552
71.1812,4550
71.2997,4548
71.4571,4546
71.5816,4544
71.7255,4542
71.865,4540
71.998,4538
72.1253,4536
72.2431,4534
72.3971,4532
72.5159,4530
72.6339,4528
72.7522,4526
72.8705,4524
72.989,4522
73.1225,4520
73.2628,4518
73.3812,4516
73.5099,4514
73.6566,4512
73.7749,4510
73.9209,4508
74.0397,4506
74.1748,4504
74.3102,4502
74.4296,4500
74.5653,4498
74.6842,4496
74.849,4494
74.9677,4492
75.0866,4490
75.2053,4488
75.347,4486
75.4649,4484
75.6166,4482
75.7452,4480
75.8634,4478
75.9812,4476
76.0997,4474
76.2181,4472
76.3365,4470
76.4546,4468
76.5731,4466
76.6916,4464
76.8202,4462
76.9597,4460
77.0781,4458
77.2392,4456
77.3608,4454
77.4825,4452
77.6229,4450
77.7472,4448
77.8944,4446
78.0123,4444
78.1566,4442
78.2744,4440
78.3975,4438
78.5155,4436
78.6333,4434
78.7925,4432
78.9194,4430
79.0642,4428
79.183,4426
79.3044,4424
79.4226,4422
79.5463,4420
79.665,4418
79.7832,4416
79.9018,4414
80.0628,4412
80.1968,4410
80.3148,4408
80.4427,4406
80.605,4404
80.7255,4402
80.8477,4400
80.9983,4398
81.132,4396
81.2525,4394
81.3714,4392
81.49,4390
81.6534,4388
81.7808,4386
81.9073,4384
82.0258,4382
82.1526,4380
82.2702,4378
82.393,4376
82.5108,4374
82.6286,4372
82.7476,4370
82.8661,4368
82.9844,4366
83.1027,4364
83.2209,4362
83.3391,4360
83.4574,4358
83.5756,4356
83.6943,4354
83.8126,4352
83.9364,4350
84.0547,4348
84.173,4346
84.2913,4344
84.4097,4342
84.528,4340
84.6528,4338
84.7712,4336
84.8928,4334
85.0112,4332
85.1344,4330
85.2527,4328
85.3709,4326
85.4892,4324
85.6075,4322
85.731,4320
85.8493,4318
85.9678,4316
86.086,4314
86.2043,4312
86.3224,4310
86.4404,4308
86.5588,4306
86.682,4304
86.8075,4302
86.9446,4300
87.0773,4298
87.2282,4296
87.3541,4294
87.4728,4292
87.5905,4290
87.7091,4288
87.8277,4286
87.9509,4284
88.0701,4282
88.1883,4280
88.3064,4278
88.4289,4276
88.5472,4274
88.6657,4272
88.7847,4270
88.9181,4268
89.0689,4266
89.1866,4264
89.3042,4262
89.4224,4260
89.5407,4258
89.6593,4256
89.7774,4254
89.8957,4252
90.0142,4250
90.1322,4248
90.2504,4246
90.3686,4244
90.4873,4242
90.6107,4240
90.7296,4238
90.8482,4236
90.9723,4234
91.0932,4232
91.2119,4230
91.33,4228
91.4918,4226
91.6226,4224
91.7405,4222
91.8584,4220
91.9765,4218
92.0943,4216
92.2218,4214
92.3444,4212
92.462,4210
92.58,4208
92.6985,4206
92.8168,4204
92.935,4202
93.053,4200
93.1711,4198
93.2891,4196
93.4073,4194
93.5254,4192
93.6436,4190
93.7619,4188
93.8801,4186
93.9982,4184
94.1162,4182
94.2343,4180
94.3524,4178
94.4704,4176
94.5889,4174
94.7073,4172
94.8285,4170
94.9497,4168
95.0679,4166
95.186,4164
95.304,4162
95.4221,4160
95.5402,4158
95.7017,4156
95.842,4154
95.96,4152
96.0784,4150
96.1965,4148
96.3149,4146
96.4354,4144
96.5543,4142
96.6727,4140
96.7908,4138
96.9109,4136
97.0621,4134
97.1812,4132
97.2994,4130
97.4174,4128
97.5358,4126
97.6545,4124
97.7727,4122
97.891,4120
98.0089,4118
98.127,4116
98.245,4114
98.3631,4112
98.4813,4110
98.5993,4108
98.7178,4106
98.836,4104
98.954,4102
99.0791,4100
99.2458,4098
99.4077,4096
99.5556,4094
99.6832,4092
99.8013,4090
99.9198,4088
100.046,4086
100.165,4084
100.283,4082
100.448,4080
100.586,4078
100.704,4076
100.829,4074
100.947,4072
101.067,4070
101.186,4068
101.304,4066
101.422,4064
101.54,4062
101.664,4060
101.782,4058
101.9,4056
102.02,4054
102.142,4052
102.263,4050
102.381,4048
102.499,4046
102.617,4044
102.735,4042
102.853,4040
102.971,4038
103.089,4036
103.207,4034
103.325,4032
103.443,4030
103.561,4028
103.679,4026
103.797,4024
103.915,4022
104.033,4020
104.151,4018
104.269,4016
104.387,4014
104.505,4012
104.623,4010
104.741,4008
104.859,4006
104.977,4004
105.095,4002
105.213,4000
105.331,3998
105.449,3996
105.567,3994
105.685,3992
105.804,3990
105.922,3988
106.04,3986
106.158,3984
106.276,3982
106.394,3980
106.512,3978
106.63,3976
106.748,3974
106.866,3972
107.028,3970
107.156,3968
107.274,3966
107.393,3964
107.511,3962
107.629,3960
107.747,3958
107.866,3956
107.984,3954
108.102,3952
108.22,3950
108.338,3948
108.456,3946
108.575,3944
108.693,3942
108.811,3940
108.929,3938
109.047,3936
109.165,3934
109.283,3932
109.401,3930
109.52,3928
109.638,3926
109.756,3924
109.875,3922
109.994,3920
110.128,3918
110.246,3916
110.364,3914
110.482,3912
110.604,3910
110.722,3908
110.841,3906
110.959,3904
111.077,3902
111.2,3900
111.321,3898
111.439,3896
111.558,3894
111.676,3892
111.794,3890
111.912,3888
112.03,3886
112.148,3884
112.266,3882
112.385,3880
112.504,3878
112.623,3876
112.742,3874
112.86,3872
112.978,3870
113.095,3868
113.213,3866
113.331,3864
113.449,3862
113.567,3860
113.687,3858
113.806,3856
113.924,3854
114.042,3852
114.16,3850
114.278,3848
114.396,3846
114.514,3844
114.632,3842
114.751,3840
114.869,3838
114.986,3836
115.104,3834
115.225,3832
115.343,3830
115.461,3828
115.579,3826
115.698,3824
115.817,3822
115.981,3820
116.109,3818
116.227,3816
116.36,3814
116.49,3812
116.618,3810
116.799,3808
116.97,3806
117.11,3804
117.245,3802
117.365,3800
117.482,3798
117.601,3796
117.722,3794
117.841,3792
117.958,3790
118.076,3788
118.194,3786
118.311,3784
118.429,3782
118.547,3780
118.665,3778
118.783,3776
118.901,3774
119.019,3772
119.137,3770
119.26,3768
119.378,3766
119.496,3764
119.628,3762
119.747,3760
119.868,3758
119.986,3756
120.109,3754
120.226,3752
120.344,3750
120.461,3748
120.579,3746
120.697,3744
120.832,3742
120.953,3740
121.071,3738
121.189,3736
121.306,3734
121.424,3732
121.542,3730
121.66,3728
121.778,3726
121.896,3724
122.013,3722
122.131,3720
122.249,3718
122.367,3716
122.484,3714
122.602,3712
122.72,3710
122.838,3708
122.956,3706
123.073,3704
123.191,3702
123.309,3700
123.426,3698
123.544,3696
123.662,3694
123.78,3692
123.897,3690
124.015,3688
124.132,3686
124.25,3684
124.367,3682
124.485,3680
124.609,3678
124.727,3676
124.844,3674
124.962,3672
125.08,3670
125.198,3668
125.32,3666
125.439,3664
125.556,3662
125.675,3660
125.793,3658
125.91,3656
126.028,3654
126.146,3652
126.263,3650
126.381,3648
126.499,3646
126.617,3644
126.734,3642
126.852,3640
126.97,3638
127.087,3636
127.205,3634
127.322,3632
127.44,3630
127.558,3628
127.676,3626
127.793,3624
127.911,3622
128.028,3620
128.146,3618
128.265,3616
128.42,3614
128.537,3612
128.669,3610
128.801,3608
128.919,3606
129.06,3604
129.19,3602
129.308,3600
129.427,3598
129.565,3596
129.683,3594
129.816,3592
129.964,3590
130.088,3588
130.225,3586
130.342,3584
130.489,3582
130.614,3580
130.737,3578
130.879,3576
130.996,3574
131.114,3572
131.232,3570
131.372,3568
131.519,3566
131.642,3564
131.783,3562
131.901,3560
132.055,3558
132.172,3556
132.291,3554
132.408,3552
132.526,3550
132.645,3548
132.763,3546
132.886,3544
133.022,3542
133.14,3540
133.299,3538
133.418,3536
133.55,3534
133.684,3532
133.806,3530
133.955,3528
134.076,3526
134.217,3524
134.334,3522
134.496,3520
134.615,3518
134.744,3516
134.876,3514
134.993,3512
135.144,3510
135.261,3508
135.405,3506
135.523,3504
135.683,3502
135.801,3500
135.944,3498
136.061,3496
136.22,3494
136.337,3492
136.48,3490
136.598,3488
136.753,3486
136.878,3484
137.024,3482
137.141,3480
137.293,3478
137.412,3476
137.536,3474
137.663,3472
137.793,3470
137.936,3468
138.055,3466
138.189,3464
138.32,3462
138.438,3460
138.58,3458
138.701,3456
138.837,3454
138.954,3452
139.109,3450
139.241,3448
139.365,3446
139.506,3444
139.626,3442
139.768,3440
139.887,3438
140.033,3436
140.151,3434
140.312,3432
140.43,3430
140.561,3428
140.679,3426
140.826,3424
140.944,3422
141.069,3420
141.204,3418
141.334,3416
141.475,3414
141.593,3412
141.733,3410
141.851,3408
141.992,3406
142.122,3404
142.241,3402
142.376,3400
142.494,3398
142.64,3396
142.765,3394
142.903,3392
143.036,3390
143.153,3388
143.305,3386
143.43,3384
143.547,3382
143.668,3380
143.829,3378
143.947,3376
144.065,3374
144.196,3372
144.347,3370
144.475,3368
144.593,3366
144.711,3364
144.847,3362
144.996,3360
145.113,3358
145.231,3356
145.349,3354
145.467,3352
145.586,3350
145.74,3348
145.873,3346
145.99,3344
146.107,3342
146.224,3340
146.348,3338
146.465,3336
146.583,3334
146.701,3332
146.821,3330
146.939,3328
147.064,3326
147.198,3324
147.335,3322
147.453,3320
