9.5e-05,956
0.007236,954
0.015175,952
0.022619,950
0.031393,948
0.038542,946
0.045256,944
0.051922,942
0.05862,940
0.065457,938
0.072264,936
0.078951,934
0.085662,932
0.092415,930
0.101242,928
0.111938,926
0.124301,924
0.136407,922
0.144197,920
0.155595,918
0.166773,916
0.176782,914
0.185261,912
0.192467,910
0.200384,908
0.209329,906
0.220542,904
0.232708,902
0.244375,900
0.255025,898
0.262351,896
0.273184,894
0.285326,892
0.297557,890
0.308922,888
0.317687,886
0.324975,884
0.334119,882
0.341725,880
0.349163,878
0.359797,876
0.37012,874
0.38215,872
0.39253,870
0.403768,868
0.41367,866
0.420587,864
0.427512,862
0.43439,860
0.441268,858
0.448188,856
0.455123,854
0.462008,852
0.468882,850
0.475816,848
0.482747,846
0.489663,844
0.496581,842
0.503472,840
0.510366,838
0.517349,836
0.52444,834
0.531829,832
0.54358,830
0.555552,828
0.565996,826
0.57522,824
0.582815,822
0.593508,820
0.605311,818
0.617407,816
0.629669,814
0.641278,812
0.651516,810
0.659402,808
0.666582,806
0.673645,804
0.680824,802
0.689777,800
0.70026,798
0.712285,796
0.724156,794
0.733947,792
0.744047,790
0.75162,788
0.758719,786
0.768008,784
0.775924,782
0.783112,780
0.790291,778
0.797392,776
0.804538,774
0.811658,772
0.818768,770
0.825901,768
0.833153,766
0.84084,765
0.848418,764
0.855992,763
1.11572,747
1.12381,746
1.14376,745
1.38217,733
1.39819,732
1.42196,731
1.79811,724
1.991,721
1.99877,720
2.13591,718
2.40386,713
