9e-05,816
0.011613,814
0.026693,812
0.038954,810
0.052204,808
0.064568,806
0.07805,804
0.09647,802
0.110874,800
0.128906,798
0.146231,796
0.160934,794
0.179435,792
0.193662,790
0.204791,788
0.215687,786
0.226643,784
0.237424,782
0.248452,780
0.259705,778
0.273148,776
0.287108,774
0.303781,772
0.318674,770
0.329837,768
0.341054,766
0.352185,764
0.36417,762
0.377192,760
0.389776,758
0.401253,756
0.415003,754
0.426704,752
0.437753,750
0.448902,748
0.460011,746
0.47103,744
0.482313,742
0.496126,740
0.508471,738
0.519575,736
0.530782,734
0.541904,732
0.55305,730
0.564221,728
0.577431,726
0.590807,724
0.602094,722
0.61322,720
0.624392,718
0.636722,716
0.650355,714
0.66176,712
0.672918,710
0.684042,708
0.695446,706
0.707307,704
0.719008,702
0.730281,700
0.741473,698
0.752728,696
0.764158,694
0.775434,692
0.786615,690
0.797909,688
0.809129,686
0.820255,684
0.831498,682
0.84276,680
0.856181,678
0.869458,676
0.881076,674
0.892415,672
0.903604,670
0.914875,668
0.926045,666
0.937271,664
0.950319,662
0.963733,660
0.974993,658
0.986212,656
0.99748,654
1.01336,652
1.02657,650
1.03848,648
1.05055,646
1.06223,644
1.07358,642
1.08483,640
1.09608,638
1.10734,636
1.11867,634
1.12999,632
1.14122,630
1.15252,628
1.16389,626
1.17564,624
1.18694,622
1.22469,621
1.24375,620
1.2576,618
1.66539,606
1.67938,605
1.78089,604
