0.000122,5678
0.0507,5676
0.09496,5674
0.141677,5672
0.184249,5670
0.22828,5668
0.270321,5666
0.331363,5664
0.390012,5662
0.436133,5660
0.49235,5658
0.53445,5656
0.576687,5654
0.619336,5652
0.661363,5650
0.703652,5648
0.751836,5646
0.795456,5644
0.837503,5642
0.883486,5640
0.925447,5638
0.967246,5636
1.00924,5634
1.05128,5632
1.09343,5630
1.13535,5628
1.17703,5626
1.21994,5624
1.26609,5622
1.30827,5620
1.35003,5618
1.39227,5616
1.43421,5614
1.47623,5612
1.51839,5610
1.56034,5608
1.60214,5606
1.64402,5604
1.68571,5602
1.72813,5600
1.77016,5598
1.81201,5596
1.85378,5594
1.89612,5592
1.93804,5590
1.97975,5588
2.02161,5586
2.06345,5584
2.10518,5582
2.14729,5580
2.18913,5578
2.23107,5576
2.27291,5574
2.31512,5572
2.3569,5570
2.39929,5568
2.4536,5566
2.49638,5564
2.53844,5562
2.58091,5560
2.62284,5558
2.66484,5556
2.70695,5554
2.74894,5552
2.7912,5550
2.83879,5548
2.88074,5546
2.92279,5544
2.96451,5542
3.00626,5540
3.04828,5538
3.09205,5536
3.15843,5534
3.21094,5532
3.27762,5530
3.32523,5528
3.3716,5526
3.41418,5524
3.46611,5522
3.50905,5520
3.551,5518
3.5928,5516
3.63456,5514
3.67646,5512
3.71849,5510
3.76048,5508
3.80257,5506
3.84437,5504
3.8862,5502
3.92795,5500
3.96956,5498
4.01115,5496
4.05305,5494
4.09475,5492
4.13642,5490
4.17818,5488
4.21987,5486
4.2617,5484
4.30366,5482
4.34565,5480
4.38755,5478
4.42938,5476
4.47111,5474
4.51353,5472
4.55537,5470
4.59714,5468
4.63923,5466
4.68133,5464
4.72308,5462
4.76483,5460
4.80652,5458
4.84829,5456
4.89002,5454
4.93158,5452
4.97369,5450
5.02088,5448
5.06828,5446
5.11035,5444
5.15241,5442
5.19442,5440
5.23633,5438
5.27866,5436
5.32075,5434
5.36273,5432
5.40474,5430
5.44717,5428
5.49138,5426
5.53498,5424
5.57857,5422
5.62221,5420
5.66431,5418
5.70652,5416
5.74946,5414
5.79149,5412
5.83652,5410
5.87854,5408
5.92065,5406
5.96258,5404
6.00455,5402
6.04654,5400
6.08832,5398
6.13016,5396
6.17223,5394
6.21421,5392
6.26176,5390
6.30726,5388
6.34917,5386
6.39144,5384
6.43336,5382
6.47996,5380
6.5504,5378
6.61901,5376
6.67292,5374
6.71916,5372
6.77965,5370
6.8357,5368
6.87807,5366
6.92026,5364
6.96239,5362
7.00462,5360
7.04671,5358
7.08882,5356
7.13113,5354
7.17337,5352
7.21542,5350
7.25757,5348
7.29953,5346
7.34169,5344
7.38393,5342
7.42583,5340
7.46804,5338
7.51066,5336
7.55285,5334
7.59512,5332
7.63733,5330
7.67964,5328
7.72236,5326
7.7647,5324
7.80739,5322
7.84953,5320
7.89169,5318
7.93398,5316
7.97601,5314
8.01803,5312
8.0602,5310
8.10236,5308
8.14445,5306
8.18652,5304
8.22871,5302
8.27089,5300
8.31302,5298
8.3551,5296
8.39733,5294
8.43968,5292
8.48194,5290
8.52445,5288
8.56667,5286
8.60887,5284
8.65102,5282
8.69322,5280
8.73574,5278
8.77801,5276
8.82027,5274
8.86241,5272
8.90452,5270
8.94669,5268
8.98879,5266
9.03089,5264
9.07329,5262
9.11542,5260
9.1576,5258
9.19959,5256
9.24172,5254
9.28397,5252
9.32626,5250
9.36844,5248
9.41459,5246
9.45875,5244
9.50129,5242
9.54328,5240
9.58524,5238
9.62717,5236
9.66938,5234
9.71182,5232
9.75368,5230
9.79568,5228
9.83774,5226
9.87969,5224
9.92146,5222
9.96347,5220
10.0056,5218
10.0475,5216
10.0893,5214
10.1313,5212
10.1732,5210
10.2151,5208
10.2568,5206
10.2988,5204
10.3412,5202
10.3834,5200
10.4251,5198
10.4671,5196
10.5136,5194
10.5559,5192
10.5981,5190
10.6404,5188
10.6827,5186
10.7254,5184
10.7679,5182
10.8101,5180
10.8523,5178
10.8945,5176
10.9368,5174
10.9789,5172
11.0215,5170
11.0637,5168
11.1063,5166
11.1485,5164
11.1908,5162
11.2548,5160
11.3128,5158
11.3594,5156
11.4111,5154
11.4538,5152
11.4966,5150
11.5389,5148
11.5815,5146
11.6238,5144
11.666,5142
11.7084,5140
11.7507,5138
11.7931,5136
11.8353,5134
11.8777,5132
11.9201,5130
11.9622,5128
12.0045,5126
12.0469,5124
12.0893,5122
12.1314,5120
12.1736,5118
12.2158,5116
12.2581,5114
12.3004,5112
12.3427,5110
12.3851,5108
12.4275,5106
12.4699,5104
12.5128,5102
12.5553,5100
12.5976,5098
12.6399,5096
12.6823,5094
12.7245,5092
12.7699,5090
12.8145,5088
12.8567,5086
12.8988,5084
12.9408,5082
12.9828,5080
13.0249,5078
13.0668,5076
13.1088,5074
13.1509,5072
13.1929,5070
13.2348,5068
13.2767,5066
13.3189,5064
13.3609,5062
13.4031,5060
13.4452,5058
13.4874,5056
13.5302,5054
13.5722,5052
13.6142,5050
13.6563,5048
13.6986,5046
13.7409,5044
13.783,5042
13.8253,5040
13.8674,5038
13.9095,5036
13.9513,5034
13.9933,5032
14.0353,5030
14.0773,5028
14.1192,5026
14.1613,5024
14.2033,5022
14.2453,5020
14.2872,5018
14.3294,5016
14.3718,5014
14.4142,5012
14.4564,5010
14.4989,5008
14.5412,5006
14.5832,5004
14.6253,5002
14.6673,5000
14.7097,4998
14.7519,4996
14.7939,4994
14.8361,4992
14.8782,4990
14.9203,4988
14.9622,4986
15.0042,4984
15.0463,4982
15.0883,4980
15.1302,4978
15.1727,4976
15.2148,4974
15.2569,4972
15.2988,4970
15.3411,4968
15.3832,4966
15.4255,4964
15.4675,4962
15.5102,4960
15.5522,4958
15.5943,4956
15.6368,4954
15.6788,4952
15.7208,4950
15.7638,4948
15.8058,4946
15.8477,4944
15.8897,4942
15.9319,4940
15.9746,4938
16.0165,4936
16.0585,4934
16.1006,4932
16.1427,4930
16.1845,4928
16.2266,4926
16.2689,4924
16.3114,4922
16.3536,4920
16.396,4918
16.4382,4916
16.4807,4914
16.5236,4912
16.5659,4910
16.608,4908
16.6501,4906
16.6922,4904
16.7342,4902
16.7762,4900
16.8183,4898
16.8605,4896
16.9027,4894
16.9447,4892
16.9868,4890
17.0289,4888
17.0708,4886
17.1129,4884
17.1551,4882
17.1972,4880
17.2392,4878
17.2813,4876
17.3236,4874
17.3659,4872
17.4083,4870
17.4506,4868
17.4935,4866
17.5359,4864
17.5781,4862
17.6202,4860
17.6625,4858
17.7046,4856
17.7468,4854
17.789,4852
17.8315,4850
17.8735,4848
17.9155,4846
17.9575,4844
17.9996,4842
18.0416,4840
18.0837,4838
18.1259,4836
18.168,4834
18.2103,4832
18.2524,4830
18.2944,4828
18.3365,4826
18.3785,4824
18.4208,4822
18.4631,4820
18.5056,4818
18.5478,4816
18.5897,4814
18.6317,4812
18.6738,4810
18.7161,4808
18.7582,4806
18.8003,4804
18.8429,4802
18.885,4800
18.9272,4798
18.9691,4796
19.0113,4794
19.0534,4792
19.0958,4790
19.1379,4788
19.1801,4786
19.2223,4784
19.2645,4782
19.3066,4780
19.3487,4778
19.3912,4776
19.4335,4774
19.4758,4772
19.5184,4770
19.5606,4768
19.603,4766
19.6451,4764
19.6873,4762
19.7295,4760
19.7719,4758
19.8139,4756
19.8561,4754
19.8983,4752
19.9406,4750
19.9831,4748
20.0254,4746
20.0675,4744
20.1097,4742
20.1519,4740
20.194,4738
20.2362,4736
20.2785,4734
20.3207,4732
20.363,4730
20.4051,4728
20.4473,4726
20.4898,4724
20.5324,4722
20.5744,4720
20.6165,4718
20.6735,4716
20.742,4714
20.7927,4712
20.8441,4710
20.8866,4708
20.9291,4706
20.9717,4704
21.0154,4702
21.063,4700
21.1054,4698
21.1478,4696
21.1903,4694
21.2327,4692
21.2755,4690
21.3179,4688
21.3604,4686
21.4033,4684
21.4459,4682
21.4886,4680
21.5313,4678
21.574,4676
21.6165,4674
21.659,4672
21.7019,4670
21.7444,4668
21.7871,4666
21.8297,4664
21.8722,4662
21.9148,4660
21.9575,4658
22,4656
22.0424,4654
22.0847,4652
22.1272,4650
22.1697,4648
22.2122,4646
22.2545,4644
22.2971,4642
22.3397,4640
22.3823,4638
22.425,4636
22.4675,4634
22.5106,4632
22.5533,4630
22.5958,4628
22.6382,4626
22.6809,4624
22.7261,4622
22.7686,4620
22.811,4618
22.8536,4616
22.8959,4614
22.9387,4612
22.9817,4610
23.0239,4608
23.0663,4606
23.1089,4604
23.1517,4602
23.1939,4600
23.2361,4598
23.2784,4596
23.3207,4594
23.3629,4592
23.4053,4590
23.4477,4588
23.4905,4586
23.5332,4584
23.5754,4582
23.6179,4580
23.6603,4578
23.703,4576
23.7453,4574
23.7882,4572
23.8306,4570
23.873,4568
23.9152,4566
23.9574,4564
23.9997,4562
24.042,4560
24.0844,4558
24.1271,4556
24.1693,4554
24.2117,4552
24.2541,4550
24.2962,4548
24.3385,4546
24.3807,4544
24.4235,4542
24.4659,4540
24.5087,4538
24.5512,4536
24.5936,4534
24.6361,4532
24.6783,4530
24.7215,4528
24.7639,4526
24.8064,4524
24.8486,4522
24.8907,4520
24.9331,4518
24.9753,4516
25.0175,4514
25.0598,4512
25.1022,4510
25.1446,4508
25.1869,4506
25.2293,4504
25.2718,4502
25.3143,4500
25.3571,4498
25.3996,4496
25.4418,4494
25.4844,4492
25.5272,4490
25.5696,4488
25.6119,4486
25.6547,4484
25.6975,4482
25.7399,4480
25.7832,4478
25.8256,4476
25.868,4474
25.9102,4472
25.9524,4470
25.995,4468
26.0374,4466
26.0797,4464
26.1219,4462
26.1644,4460
26.2068,4458
26.2492,4456
26.2916,4454
26.3339,4452
26.3767,4450
26.4199,4448
26.4626,4446
26.5063,4444
26.5487,4442
26.5912,4440
26.6337,4438
26.6759,4436
26.7182,4434
26.7605,4432
26.8029,4430
26.8453,4428
26.8876,4426
26.9301,4424
26.9725,4422
27.0147,4420
27.0571,4418
27.0994,4416
27.1418,4414
27.1845,4412
27.2272,4410
27.2698,4408
27.3122,4406
27.3549,4404
27.3975,4402
27.4398,4400
27.4825,4398
27.5258,4396
27.5682,4394
27.6104,4392
27.6527,4390
27.6951,4388
27.7376,4386
27.78,4384
27.8223,4382
27.865,4380
27.9074,4378
27.9497,4376
27.9923,4374
28.0347,4372
28.0771,4370
28.1195,4368
28.1621,4366
28.2043,4364
28.2468,4362
28.2893,4360
28.3316,4358
28.3739,4356
28.4165,4354
28.4623,4352
28.5056,4350
28.5483,4348
28.5909,4346
28.6336,4344
28.6765,4342
28.7193,4340
28.7619,4338
28.8046,4336
28.8472,4334
28.89,4332
28.9325,4330
28.9751,4328
29.0177,4326
29.0604,4324
29.1032,4322
29.1458,4320
29.1882,4318
29.2308,4316
29.2735,4314
29.3164,4312
29.359,4310
29.4019,4308
29.4447,4306
29.4875,4304
29.5305,4302
29.5731,4300
29.6158,4298
29.6585,4296
29.7011,4294
29.7439,4292
29.7865,4290
29.8291,4288
29.8719,4286
29.9145,4284
29.957,4282
29.9996,4280
30.0424,4278
30.085,4276
30.1275,4274
30.1701,4272
30.2136,4270
30.2563,4268
30.299,4266
30.3418,4264
30.3848,4262
30.4278,4260
30.4707,4258
30.514,4256
30.5566,4254
30.5992,4252
30.642,4250
30.6847,4248
30.7273,4246
30.776,4244
30.8185,4242
30.8609,4240
30.9033,4238
30.9454,4236
30.9879,4234
31.0306,4232
31.073,4230
31.1152,4228
31.1574,4226
31.1997,4224
31.242,4222
31.2845,4220
31.327,4218
31.3723,4216
31.4154,4214
31.4584,4212
31.5015,4210
31.5441,4208
31.5867,4206
31.6296,4204
31.6723,4202
31.715,4200
31.7576,4198
31.8005,4196
31.8431,4194
31.8858,4192
31.9287,4190
31.9712,4188
32.0138,4186
32.0564,4184
32.099,4182
32.1415,4180
32.1841,4178
32.227,4176
32.2696,4174
32.3125,4172
32.3552,4170
32.3981,4168
32.4408,4166
32.4837,4164
32.5266,4162
32.5694,4160
32.6121,4158
32.6548,4156
32.6976,4154
32.7402,4152
32.7829,4150
32.8256,4148
32.8685,4146
32.9121,4144
32.9547,4142
32.9975,4140
33.0401,4138
33.0949,4136
33.1528,4134
33.206,4132
33.2565,4130
33.299,4128
33.3418,4126
33.3845,4124
33.4275,4122
33.4738,4120
33.5172,4118
33.5598,4116
33.6025,4114
33.6452,4112
33.688,4110
33.731,4108
33.7736,4106
33.8164,4104
33.859,4102
33.9018,4100
33.9445,4098
33.9871,4096
34.0297,4094
34.0723,4092
34.1154,4090
34.1579,4088
34.2005,4086
34.2435,4084
34.2862,4082
34.3288,4080
34.372,4078
34.415,4076
34.4579,4074
34.5012,4072
34.5439,4070
34.5866,4068
34.6294,4066
34.6721,4064
34.715,4062
34.7579,4060
34.8006,4058
34.8435,4056
34.8863,4054
34.929,4052
34.9715,4050
35.0143,4048
35.0573,4046
35.1,4044
35.1427,4042
35.1852,4040
35.228,4038
35.2709,4036
35.3137,4034
35.3566,4032
35.3996,4030
35.4425,4028
35.4858,4026
35.5291,4024
35.5718,4022
35.6146,4020
35.6578,4018
35.7007,4016
35.7432,4014
35.7868,4012
35.8299,4010
35.8727,4008
35.9196,4007
