0.000117,1224
0.008876,1222
0.016788,1220
0.026369,1218
0.037626,1216
0.04999,1214
0.064418,1212
0.072237,1210
0.080421,1208
0.089525,1206
0.097695,1204
0.105085,1202
0.114405,1200
0.12219,1198
0.1294,1196
0.136418,1194
0.143409,1192
0.150538,1190
0.157543,1188
0.164523,1186
0.171534,1184
0.178575,1182
0.185602,1180
0.192596,1178
0.199612,1176
0.206649,1174
0.213817,1172
0.220938,1170
0.22812,1168
0.235316,1166
0.242404,1164
0.249581,1162
0.256647,1160
0.264057,1158
0.271472,1156
0.278599,1154
0.285786,1152
0.292887,1150
0.300042,1148
0.307144,1146
0.316431,1144
0.327407,1142
0.339292,1140
0.350868,1138
0.362224,1136
0.374532,1134
0.386579,1132
0.396021,1130
0.404914,1128
0.415927,1126
0.427167,1124
0.439929,1122
0.451588,1120
0.4597,1118
0.466928,1116
0.474076,1114
0.481316,1112
0.488525,1110
0.495782,1108
0.502921,1106
0.510143,1104
0.517349,1102
0.524516,1100
0.531751,1098
0.53891,1096
0.546114,1094
0.553311,1092
0.560521,1090
0.567662,1088
0.574856,1086
0.582015,1084
0.5892,1082
0.596359,1080
0.603483,1078
0.610684,1076
0.617828,1074
0.624954,1072
0.632163,1070
0.642108,1068
0.654661,1066
0.667066,1064
0.679003,1062
0.690621,1060
0.702581,1058
0.71496,1056
0.727447,1054
0.738957,1052
0.747639,1050
0.755242,1048
0.762458,1046
0.769657,1044
0.776974,1042
0.784242,1040
0.791575,1038
0.798924,1036
0.806257,1034
0.81361,1032
0.820745,1030
0.827927,1028
0.835136,1026
0.842352,1024
0.850995,1022
0.858625,1020
0.866003,1018
0.873802,1016
0.881126,1014
0.888636,1012
0.895954,1010
0.903132,1008
0.910371,1006
0.917524,1004
0.924796,1002
0.931947,1000
0.939082,998
0.946311,996
0.95353,994
0.961131,992
0.974387,990
0.98534,988
0.993452,986
1.00419,984
1.01433,982
1.02528,980
1.03508,978
1.0452,976
1.05253,974
1.05976,972
1.06701,970
1.07425,968
1.08149,966
1.0891,964
1.09665,962
1.10404,960
1.11127,958
1.11843,956
1.12559,954
1.13278,952
1.13996,950
1.14725,948
1.1544,946
1.16174,944
1.16894,942
1.1762,940
1.18339,938
1.19064,936
1.198,934
1.20521,932
1.21253,930
1.21973,928
1.227,926
1.23453,924
1.24174,922
1.24891,920
1.25611,918
2.29223,912
2.40562,909
2.41367,908
2.89389,903
3.50634,899
