0.000141,3736
0.035295,3734
0.058422,3732
0.080402,3730
0.099615,3728
0.118879,3726
0.138649,3724
0.157847,3722
0.177037,3720
0.19623,3718
0.222013,3716
0.243043,3714
0.262677,3712
0.281853,3710
0.301214,3708
0.320426,3706
0.339598,3704
0.358677,3702
0.377847,3700
0.397132,3698
0.416371,3696
0.43568,3694
0.455323,3692
0.474599,3690
0.493778,3688
0.51576,3686
0.535011,3684
0.555183,3682
0.580491,3680
0.606206,3678
0.635645,3676
0.659636,3674
0.682402,3672
0.705351,3670
0.734097,3668
0.753978,3666
0.778331,3664
0.799742,3662
0.819187,3660
0.838528,3658
0.86106,3656
0.896236,3654
0.925649,3652
0.955809,3650
0.986577,3648
1.01319,3646
1.03706,3644
1.06899,3642
1.09928,3640
1.12231,3638
1.14216,3636
1.1621,3634
1.18138,3632
1.20071,3630
1.22037,3628
1.23958,3626
1.25966,3624
1.27897,3622
1.29855,3620
1.33042,3618
1.36343,3616
1.3925,3614
1.41711,3612
1.43661,3610
1.45614,3608
1.47823,3606
1.5026,3604
1.52384,3602
1.5435,3600
1.56282,3598
1.58235,3596
1.60181,3594
1.62112,3592
1.64042,3590
1.65972,3588
1.67897,3586
1.69825,3584
1.71768,3582
1.73706,3580
1.75647,3578
1.78112,3576
1.80787,3574
1.83944,3572
1.87269,3570
1.90837,3568
1.94268,3566
1.97537,3564
1.9977,3562
2.01787,3560
2.03749,3558
2.05722,3556
2.07674,3554
2.09618,3552
2.11572,3550
2.13542,3548
2.15517,3546
2.17508,3544
2.20732,3542
2.23974,3540
2.26733,3538
2.28863,3536
2.30816,3534
2.32758,3532
2.34705,3530
2.3666,3528
2.38893,3526
2.41184,3524
2.44232,3522
2.46739,3520
2.48692,3518
2.50971,3516
2.53558,3514
2.56816,3512
2.5972,3510
2.62033,3508
2.64105,3506
2.66326,3504
2.68501,3502
2.70459,3500
2.72419,3498
2.7436,3496
2.76318,3494
2.78276,3492
2.81447,3490
2.84513,3488
2.87132,3486
2.90654,3484
2.92811,3482
2.94765,3480
2.96703,3478
2.98667,3476
3.00603,3474
3.0253,3472
3.04516,3470
3.06452,3468
3.0845,3466
3.10383,3464
3.12325,3462
3.15093,3460
3.1839,3458
3.21799,3456
3.24924,3454
3.27169,3452
3.2912,3450
3.31055,3448
3.32984,3446
3.34921,3444
3.36852,3442
3.38805,3440
3.40733,3438
3.42655,3436
3.4523,3434
3.48455,3432
3.51912,3430
3.54634,3428
3.56978,3426
3.59221,3424
3.61187,3422
3.63135,3420
3.65089,3418
3.67033,3416
3.68976,3414
3.70944,3412
3.72894,3410
3.74855,3408
3.77639,3406
3.80666,3404
3.83849,3402
3.8655,3400
3.88624,3398
3.90572,3396
3.92517,3394
3.94468,3392
3.9642,3390
3.98385,3388
4.00329,3386
4.02291,3384
4.04728,3382
4.0808,3380
4.10958,3378
4.14107,3376
4.16401,3374
4.1833,3372
4.20269,3370
4.22204,3368
4.24135,3366
4.26068,3364
4.27991,3362
4.2995,3360
4.32274,3358
4.34935,3356
4.3722,3354
4.39802,3352
4.4177,3350
4.43714,3348
4.4567,3346
4.47618,3344
4.49568,3342
4.5151,3340
4.53456,3338
4.554,3336
4.57338,3334
4.60184,3332
4.63271,3330
4.66434,3328
4.68393,3326
4.70343,3324
4.72298,3322
4.74235,3320
4.76183,3318
4.78123,3316
4.80069,3314
4.82029,3312
4.83964,3310
4.85913,3308
4.87863,3306
4.90458,3304
4.93119,3302
4.95172,3300
4.9711,3298
4.99067,3296
5.01006,3294
5.02984,3292
5.04941,3290
5.06916,3288
5.08883,3286
5.10839,3284
5.13536,3282
5.16635,3280
5.19861,3278
5.22856,3276
5.25149,3274
5.27134,3272
5.29077,3270
5.31014,3268
5.33088,3266
5.35437,3264
5.37386,3262
5.39323,3260
5.41274,3258
5.43286,3256
5.45698,3254
5.48973,3252
5.52272,3250
5.54506,3248
5.56461,3246
5.58412,3244
5.60348,3242
5.62274,3240
5.64207,3238
5.66135,3236
5.68058,3234
5.69988,3232
5.72045,3230
5.7541,3228
5.78019,3226
5.80921,3224
5.82883,3222
5.84824,3220
5.86777,3218
5.88725,3216
5.90689,3214
5.92633,3212
5.94663,3210
5.96615,3208
5.98585,3206
6.00537,3204
6.02736,3202
6.04984,3200
6.08306,3198
6.10844,3196
6.12817,3194
6.14792,3192
6.1673,3190
6.1866,3188
6.20607,3186
6.22556,3184
6.24489,3182
6.2643,3180
6.28363,3178
6.30301,3176
6.3316,3174
6.35958,3172
6.38973,3170
6.41987,3168
6.44284,3166
6.46481,3164
6.48544,3162
6.50684,3160
6.52853,3158
6.54796,3156
6.56762,3154
6.58746,3152
6.60687,3150
6.62629,3148
6.64562,3146
6.66494,3144
6.69149,3142
6.72437,3140
6.7528,3138
6.77822,3136
6.79788,3134
6.818,3132
6.85259,3130
6.87466,3128
6.8971,3126
6.91659,3124
6.93606,3122
6.95537,3120
6.97481,3118
6.99421,3116
7.01352,3114
7.0331,3112
7.05667,3110
7.08474,3108
7.11549,3106
7.1353,3104
7.15505,3102
7.1746,3100
7.19407,3098
7.21361,3096
7.23315,3094
7.25267,3092
7.27221,3090
7.29177,3088
7.31124,3086
7.33073,3084
7.3508,3082
7.37038,3080
7.38979,3078
7.4094,3076
7.42888,3074
7.44834,3072
7.46785,3070
7.48725,3068
7.50666,3066
7.52627,3064
7.55833,3062
7.58587,3060
7.61706,3058
7.64137,3056
7.66289,3054
7.68368,3052
7.71101,3050
7.73056,3048
7.75009,3046
7.76961,3044
7.78905,3042
7.80853,3040
7.82802,3038
7.84751,3036
7.86705,3034
7.88649,3032
7.90594,3030
7.92548,3028
7.94501,3026
7.96519,3024
7.98482,3022
8.00436,3020
8.02398,3018
8.04382,3016
8.06334,3014
8.08296,3012
8.10235,3010
8.1247,3008
8.14419,3006
8.16367,3004
8.1875,3002
8.21989,3000
8.25165,2998
8.2761,2996
8.30033,2994
8.32463,2992
8.34414,2990
8.36802,2988
8.39166,2986
8.41143,2984
8.43103,2982
8.45096,2980
8.47051,2978
8.49002,2976
8.5095,2974
8.52905,2972
8.54864,2970
8.56814,2968
8.58769,2966
8.60721,2964
8.62675,2962
8.64628,2960
8.6658,2958
8.68539,2956
8.70493,2954
8.72463,2952
8.74415,2950
8.76364,2948
8.78376,2946
8.80408,2944
8.82831,2942
8.84778,2940
8.86726,2938
8.88674,2936
8.90619,2934
8.92597,2932
8.94546,2930
8.9649,2928
8.98455,2926
9.00405,2924
9.02362,2922
9.04344,2920
9.06287,2918
9.08229,2916
9.10171,2914
9.12108,2912
9.14046,2910
9.15983,2908
9.17927,2906
9.19882,2904
9.21832,2902
9.23775,2900
9.25712,2898
9.27651,2896
9.29634,2894
9.31612,2892
9.33565,2890
9.36476,2888
9.39881,2886
9.4312,2884
9.46237,2882
9.48549,2880
9.51681,2878
9.54023,2876
9.56044,2874
9.58002,2872
9.5995,2870
9.61897,2868
9.63841,2866
9.65793,2864
9.6773,2862
9.69671,2860
9.71607,2858
9.73546,2856
9.75482,2854
9.77431,2852
9.79382,2850
9.81333,2848
9.83288,2846
9.85243,2844
9.87205,2842
9.89163,2840
9.91119,2838
9.93084,2836
9.95034,2834
9.97013,2832
9.98995,2830
10.0094,2828
10.0293,2826
10.0493,2824
10.0688,2822
10.0883,2820
10.1078,2818
10.1272,2816
10.1467,2814
10.1661,2812
10.1864,2810
10.2058,2808
10.2253,2806
10.2448,2804
10.2643,2802
10.2839,2800
10.3033,2798
10.3227,2796
10.3421,2794
10.3616,2792
10.3855,2790
10.4177,2788
10.4443,2786
10.4758,2784
10.5044,2782
10.5259,2780
10.5495,2778
10.5789,2776
10.5996,2774
10.6196,2772
10.6393,2770
10.6588,2768
10.6784,2766
10.6979,2764
10.718,2762
10.7376,2760
10.7571,2758
10.7766,2756
10.7961,2754
10.8156,2752
10.8351,2750
10.8546,2748
10.8741,2746
10.8935,2744
10.9131,2742
10.9325,2740
10.9529,2738
10.9724,2736
10.9919,2734
11.0113,2732
11.031,2730
11.0505,2728
11.0698,2726
11.0892,2724
11.1088,2722
11.1283,2720
11.1479,2718
11.1675,2716
11.1871,2714
11.2068,2712
11.2266,2710
11.2462,2708
11.2658,2706
11.2853,2704
11.305,2702
11.3246,2700
11.3489,2698
11.3695,2696
11.389,2694
11.4086,2692
11.4281,2690
11.448,2688
11.4675,2686
11.4871,2684
11.5066,2682
11.5261,2680
11.546,2678
11.5658,2676
11.5853,2674
11.6048,2672
11.6242,2670
11.6437,2668
11.6632,2666
11.6826,2664
11.7021,2662
11.7216,2660
11.741,2658
11.7606,2656
11.7829,2654
11.8044,2652
11.8304,2650
11.8641,2648
11.8988,2646
11.9327,2644
11.9571,2642
11.9833,2640
12.0055,2638
12.0255,2636
12.0455,2634
12.065,2632
12.0844,2630
12.1039,2628
12.1234,2626
12.1428,2624
12.1625,2622
12.1819,2620
12.2013,2618
12.2208,2616
12.2403,2614
12.2598,2612
12.2793,2610
12.3035,2608
12.3241,2606
12.344,2604
12.364,2602
12.3837,2600
12.4033,2598
12.4227,2596
12.4425,2594
12.4622,2592
12.482,2590
12.5016,2588
12.5212,2586
12.541,2584
12.561,2582
12.5811,2580
12.6007,2578
12.6204,2576
12.6399,2574
12.6595,2572
12.6791,2570
12.6987,2568
12.7182,2566
12.7379,2564
12.7576,2562
12.7772,2560
12.7968,2558
12.8164,2556
12.8359,2554
12.8554,2552
12.875,2550
12.8945,2548
12.914,2546
12.9334,2544
12.9528,2542
12.9723,2540
12.9918,2538
13.0114,2536
13.0313,2534
13.0509,2532
13.0704,2530
13.09,2528
13.1097,2526
13.1293,2524
13.149,2522
13.1686,2520
13.1882,2518
13.2079,2516
13.2275,2514
13.2472,2512
13.2668,2510
13.2863,2508
13.3059,2506
13.3255,2504
13.3451,2502
13.3647,2500
13.3842,2498
13.4037,2496
13.4233,2494
13.4428,2492
13.4631,2490
13.4828,2488
13.5023,2486
13.5218,2484
13.5412,2482
13.5607,2480
13.5802,2478
13.5996,2476
13.619,2474
13.6384,2472
13.6579,2470
13.6774,2468
13.697,2466
13.7165,2464
13.7363,2462
13.7559,2460
13.7757,2458
13.7953,2456
13.8149,2454
13.8345,2452
13.8541,2450
13.8737,2448
13.8933,2446
13.9128,2444
13.9324,2442
13.952,2440
13.9717,2438
13.9914,2436
14.0109,2434
14.0307,2432
14.0505,2430
14.0702,2428
14.0897,2426
14.1093,2424
14.1288,2422
14.1483,2420
14.1679,2418
14.1874,2416
14.2069,2414
14.2264,2412
14.2458,2410
14.2653,2408
14.2847,2406
14.3042,2404
14.3238,2402
14.3434,2400
14.3705,2398
14.4011,2396
14.4304,2394
14.4632,2392
14.4928,2390
14.5193,2388
14.542,2386
14.5617,2384
14.5813,2382
14.601,2380
14.6206,2378
14.6402,2376
14.6598,2374
14.6795,2372
14.6991,2370
14.7186,2368
14.7383,2366
14.7578,2364
14.7774,2362
14.7968,2360
14.8164,2358
14.8359,2356
14.8554,2354
14.8749,2352
14.8944,2350
14.9138,2348
14.9333,2346
14.9527,2344
14.9723,2342
14.9919,2340
15.0114,2338
15.0312,2336
15.0513,2334
15.0716,2332
15.0913,2330
15.111,2328
15.1307,2326
15.1504,2324
15.1701,2322
15.1898,2320
15.2094,2318
17.0275,2291
17.3253,2288
17.5295,2286
17.5509,2285
18.2137,2281
30.4708,2218
30.7065,2217
32.2856,2213
36.5362,2207
