0.000113,6344
0.23509,6342
0.453474,6340
0.705503,6338
0.909235,6336
1.12757,6334
1.34692,6332
1.55198,6330
1.76027,6328
2.02606,6326
2.23513,6324
2.44952,6322
2.66502,6320
2.86114,6318
3.06295,6316
3.30954,6314
3.51306,6312
3.74868,6310
3.94459,6308
4.16415,6306
4.39202,6304
4.60138,6302
4.83049,6300
5.0315,6298
5.22875,6296
5.42679,6294
5.65826,6292
5.85564,6290
6.0527,6288
6.25039,6286
6.4467,6284
6.69484,6282
6.93544,6280
7.17152,6278
7.39659,6276
7.63997,6274
7.88925,6272
8.09054,6270
8.28648,6268
8.4824,6266
8.67882,6264
8.93443,6262
9.15254,6260
9.3654,6258
9.56991,6256
9.76637,6254
10.0134,6252
10.239,6250
10.4487,6248
10.675,6246
10.8944,6244
11.1231,6242
11.3451,6240
11.5694,6238
11.7988,6236
12.0014,6234
12.2156,6232
12.4617,6230
12.6774,6228
12.9094,6226
13.1207,6224
13.3305,6222
13.5759,6220
13.8034,6218
14.0279,6216
14.2509,6214
14.4687,6212
14.6968,6210
14.9184,6208
15.1469,6206
15.3433,6204
15.5653,6202
15.7955,6200
15.9983,6198
16.222,6196
16.4574,6194
16.6569,6192
16.8746,6190
17.107,6188
17.3255,6186
17.5223,6184
17.7686,6182
17.9722,6180
18.2031,6178
18.4068,6176
18.6104,6174
18.8496,6172
19.0626,6170
19.2661,6168
19.5237,6166
19.7272,6164
19.9308,6162
20.1345,6160
20.3886,6158
20.5862,6156
20.8003,6154
21.0032,6152
21.204,6150
21.4,6148
21.619,6146
21.8401,6144
22.043,6142
22.246,6140
22.4541,6138
22.6545,6136
22.8547,6134
23.1097,6132
23.3619,6130
23.569,6128
23.7737,6126
23.9704,6124
24.1665,6122
24.3666,6120
24.5633,6118
24.7673,6116
25.003,6114
25.199,6112
25.3952,6110
25.5916,6108
25.7945,6106
25.9955,6104
26.1983,6102
26.4017,6100
26.6052,6098
26.8084,6096
27.0112,6094
27.2179,6092
27.4672,6090
27.664,6088
27.8603,6086
28.0562,6084
28.2523,6082
28.4486,6080
28.645,6078
28.8413,6076
29.0371,6074
29.2335,6072
29.4296,6070
29.626,6068
29.8222,6066
30.024,6064
30.2201,6062
30.4165,6060
30.6176,6058
30.8499,6056
31.0607,6054
31.2651,6052
31.4712,6050
31.6707,6048
31.8678,6046
32.0769,6044
32.2832,6042
32.4864,6040
32.6899,6038
32.8933,6036
33.0966,6034
33.2999,6032
33.5031,6030
33.7073,6028
33.9083,6026
34.1096,6024
34.3124,6022
34.5159,6020
34.72,6018
34.9249,6016
35.1286,6014
35.3698,6012
35.5886,6010
35.7861,6008
35.9825,6006
36.1787,6004
36.3751,6002
36.5718,6000
36.7684,5998
36.9648,5996
37.1609,5994
37.357,5992
37.5536,5990
37.7501,5988
37.9465,5986
38.153,5984
38.3559,5982
38.5627,5980
38.7665,5978
38.9712,5976
39.1676,5974
39.3723,5972
39.5759,5970
39.7794,5968
39.9824,5966
40.1856,5964
40.3885,5962
40.592,5960
40.7922,5958
40.9885,5956
41.1844,5954
41.3807,5952
41.5814,5950
41.8064,5948
42.0181,5946
42.2176,5944
42.4196,5942
42.6161,5940
42.8127,5938
43.0091,5936
43.2054,5934
43.4015,5932
43.5984,5930
43.7953,5928
43.9915,5926
44.1877,5924
44.3838,5922
44.5805,5920
44.777,5918
44.9746,5916
45.1825,5914
45.3857,5912
45.5898,5910
45.7958,5908
45.9921,5906
46.1891,5904
46.3939,5902
46.5977,5900
46.8012,5898
47.0044,5896
47.2073,5894
47.4036,5892
47.6008,5890
47.7972,5888
47.9935,5886
48.1902,5884
48.3864,5882
48.5843,5880
48.7811,5878
48.9775,5876
49.1739,5874
49.3702,5872
49.5672,5870
49.7641,5868
49.9656,5866
50.1621,5864
50.3582,5862
50.5558,5860
50.7958,5858
51.0043,5856
51.2076,5854
51.4115,5852
51.6154,5850
51.8189,5848
52.0225,5846
52.2308,5844
52.4273,5842
52.6241,5840
52.8206,5838
53.0168,5836
53.2133,5834
53.4094,5832
53.6118,5830
53.8085,5828
54.0047,5826
54.201,5824
54.3971,5822
54.5939,5820
54.7908,5818
54.987,5816
55.1833,5814
55.3796,5812
55.5762,5810
55.7736,5808
55.97,5806
56.1666,5804
56.363,5802
56.5598,5800
56.7566,5798
56.9531,5796
57.1495,5794
57.3459,5792
57.5426,5790
57.7397,5788
57.9363,5786
58.1326,5784
58.329,5782
58.5259,5780
58.7228,5778
58.9194,5776
59.1156,5774
59.312,5772
59.5084,5770
59.7053,5768
59.9018,5766
60.0982,5764
60.2946,5762
60.4966,5760
60.6936,5758
60.891,5756
61.0877,5754
61.2841,5752
61.4805,5750
61.6773,5748
61.874,5746
62.0705,5744
62.2669,5742
62.4703,5740
62.6676,5738
62.8642,5736
63.0617,5734
63.2911,5732
63.5181,5730
63.7435,5728
63.9563,5726
64.1662,5724
64.3928,5722
64.6021,5720
64.8192,5718
65.0442,5716
65.27,5714
65.5214,5712
65.7323,5710
65.9545,5708
66.1845,5706
66.3897,5704
66.5919,5702
66.7889,5700
67.0044,5698
67.2233,5696
67.4509,5694
67.6814,5692
67.9017,5690
68.113,5688
68.3401,5686
68.5547,5684
68.7639,5682
68.9847,5680
69.2179,5678
69.4442,5676
69.6552,5674
69.8696,5672
70.112,5670
70.341,5668
70.5732,5666
70.7936,5664
70.994,5662
71.2304,5660
71.4563,5658
71.6854,5656
71.9127,5654
72.1184,5652
72.3472,5650
72.5661,5648
72.8053,5646
73.0364,5644
73.2464,5642
73.4823,5640
73.7113,5638
73.9467,5636
74.1525,5634
74.3711,5632
74.6165,5630
74.8256,5628
75.0561,5626
75.2667,5624
75.4911,5622
75.7207,5620
75.9313,5618
76.1612,5616
76.3855,5614
76.5979,5612
76.8163,5610
77.0192,5608
77.2158,5606
77.4542,5604
77.6544,5602
77.9193,5600
78.1173,5598
78.3571,5596
78.5544,5594
78.7517,5592
79.0123,5590
79.2093,5588
79.4068,5586
79.6165,5584
79.8517,5582
80.0556,5580
80.2638,5578
80.4652,5576
80.687,5574
80.924,5572
81.1208,5570
81.3171,5568
81.5139,5566
81.7108,5564
81.9081,5562
82.1491,5560
82.3527,5558
82.5597,5556
82.7569,5554
82.9538,5552
83.1559,5550
83.3527,5548
83.5498,5546
83.7472,5544
83.9441,5542
84.1404,5540
84.3884,5538
84.5856,5536
84.7826,5534
84.9792,5532
85.1762,5530
85.3727,5528
85.57,5526
85.767,5524
85.9641,5522
86.1656,5520
86.3623,5518
86.5602,5516
86.7948,5514
87.002,5512
87.2058,5510
87.4094,5508
87.6137,5506
87.8179,5504
88.022,5502
88.2256,5500
88.4293,5498
88.6335,5496
88.8376,5494
89.0412,5492
89.2449,5490
89.4522,5488
89.6565,5486
89.8663,5484
90.0872,5482
90.31,5480
90.5071,5478
90.7047,5476
90.9071,5474
91.104,5472
91.3006,5470
91.4977,5468
91.6947,5466
91.8918,5464
92.0885,5462
92.2852,5460
92.482,5458
92.6793,5456
92.8801,5454
93.0769,5452
93.2736,5450
93.4704,5448
93.6679,5446
93.8648,5444
94.0617,5442
94.2588,5440
94.4555,5438
94.6532,5436
94.9074,5434
95.1046,5432
95.3018,5430
95.4989,5428
95.6965,5426
95.8944,5424
96.0953,5422
96.292,5420
96.4891,5418
96.6863,5416
96.8836,5414
97.0807,5412
97.2773,5410
97.4745,5408
97.6718,5406
97.869,5404
98.0658,5402
98.2627,5400
98.46,5398
98.6577,5396
98.8548,5394
99.0517,5392
99.2485,5390
99.4625,5388
99.6689,5386
99.883,5384
100.1,5382
100.305,5380
100.517,5378
100.716,5376
100.932,5374
101.162,5372
101.4,5370
101.605,5368
101.81,5366
102.014,5364
102.218,5362
102.423,5360
102.628,5358
102.833,5356
103.037,5354
103.241,5352
103.445,5350
103.65,5348
103.854,5346
104.058,5344
104.261,5342
104.458,5340
104.656,5338
104.854,5336
105.051,5334
105.248,5332
105.447,5330
105.645,5328
105.842,5326
106.04,5324
106.237,5322
106.434,5320
106.632,5318
106.829,5316
107.026,5314
107.223,5312
107.42,5310
107.617,5308
107.815,5306
108.013,5304
108.209,5302
108.407,5300
108.604,5298
108.802,5296
108.999,5294
109.196,5292
109.393,5290
109.591,5288
109.789,5286
109.986,5284
110.249,5282
110.456,5280
110.661,5278
110.866,5276
111.07,5274
111.274,5272
111.479,5270
111.683,5268
111.887,5266
112.092,5264
112.295,5262
112.499,5260
112.704,5258
112.908,5256
113.112,5254
113.316,5252
113.521,5250
113.725,5248
113.932,5246
114.129,5244
114.326,5242
114.524,5240
114.721,5238
114.918,5236
115.115,5234
115.313,5232
115.51,5230
115.707,5228
115.905,5226
116.117,5224
116.314,5222
116.512,5220
116.709,5218
116.906,5216
117.104,5214
117.304,5212
117.507,5210
117.712,5208
117.917,5206
118.121,5204
118.325,5202
118.53,5200
118.735,5198
118.944,5196
119.149,5194
119.353,5192
119.561,5190
119.759,5188
119.956,5186
120.153,5184
120.35,5182
120.548,5180
120.745,5178
120.944,5176
121.142,5174
121.344,5172
121.541,5170
121.739,5168
121.936,5166
122.133,5164
122.331,5162
122.54,5160
122.776,5158
122.994,5156
123.2,5154
123.439,5152
123.66,5150
123.885,5148
124.083,5146
124.28,5144
124.478,5142
124.683,5140
124.887,5138
125.114,5136
125.332,5134
125.564,5132
125.788,5130
126.028,5128
126.231,5126
126.429,5124
126.682,5122
126.908,5120
127.118,5118
127.358,5116
127.599,5114
127.797,5112
128.013,5110
128.262,5108
128.496,5106
128.725,5104
128.951,5102
129.174,5100
129.421,5098
129.626,5096
129.824,5094
130.075,5092
130.289,5090
130.513,5088
130.743,5086
130.987,5084
131.194,5082
131.399,5080
131.605,5078
131.817,5076
132.049,5074
132.281,5072
132.496,5070
132.745,5068
132.95,5066
133.169,5064
133.421,5062
133.643,5060
133.882,5058
134.091,5056
134.325,5054
134.555,5052
134.787,5050
134.995,5048
135.221,5046
135.433,5044
135.688,5042
135.902,5040
136.126,5038
136.359,5036
136.583,5034
136.816,5032
137.014,5030
137.248,5028
137.445,5026
137.667,5024
137.886,5022
138.124,5020
138.357,5018
138.583,5016
138.835,5014
139.039,5012
139.305,5010
139.531,5008
139.744,5006
139.949,5004
140.202,5002
140.408,5000
140.629,4998
140.858,4996
141.056,4994
141.26,4992
141.509,4990
141.713,4988
141.912,4986
142.109,4984
142.308,4982
142.546,4980
142.756,4978
142.953,4976
143.151,4974
143.358,4972
143.565,4970
143.773,4968
144.028,4966
144.239,4964
144.437,4962
144.641,4960
144.839,4958
145.036,4956
145.233,4954
145.43,4952
145.628,4950
145.865,4948
146.074,4946
146.279,4944
146.485,4942
146.69,4940
146.891,4938
147.097,4936
147.303,4934
147.51,4932
147.715,4930
147.923,4928
148.129,4926
148.388,4924
148.594,4922
148.8,4920
149.005,4918
149.211,4916
149.416,4914
149.622,4912
149.828,4910
150.036,4908
150.234,4906
150.438,4904
150.642,4902
150.841,4900
151.043,4898
151.241,4896
151.44,4894
151.692,4892
151.894,4890
152.093,4888
152.291,4886
152.488,4884
152.686,4882
152.884,4880
153.081,4878
153.278,4876
153.475,4874
153.672,4872
153.87,4870
154.067,4868
154.264,4866
154.461,4864
154.658,4862
154.855,4860
155.06,4858
155.261,4856
155.459,4854
155.656,4852
155.853,4850
156.051,4848
156.25,4846
156.506,4844
156.703,4842
156.914,4840
157.113,4838
157.316,4836
157.527,4834
157.73,4832
157.929,4830
158.127,4828
158.324,4826
158.523,4824
158.72,4822
158.919,4820
159.116,4818
159.314,4816
159.512,4814
159.71,4812
159.908,4810
160.11,4808
160.315,4806
160.521,4804
160.726,4802
160.932,4800
161.143,4798
161.348,4796
161.554,4794
161.759,4792
161.965,4790
162.168,4788
162.366,4786
162.569,4784
162.772,4782
163.008,4780
163.218,4778
163.416,4776
163.626,4774
163.832,4772
164.037,4770
164.243,4768
164.441,4766
164.639,4764
164.838,4762
165.035,4760
165.233,4758
165.431,4756
165.629,4754
165.827,4752
166.032,4750
166.237,4748
166.443,4746
166.649,4744
166.855,4742
167.06,4740
167.263,4738
167.461,4736
167.659,4734
167.868,4733
231.087,4656
256.744,4635
285.585,4612
