0.000111,10774
0.146988,10772
0.274669,10770
0.393683,10768
0.513786,10766
0.634643,10764
0.75388,10762
0.872832,10760
0.991815,10758
1.11118,10756
1.23072,10754
1.34981,10752
1.46879,10750
1.5877,10748
1.70671,10746
1.82606,10744
1.94603,10742
2.06613,10740
2.18658,10738
2.31373,10736
2.43642,10734
2.55664,10732
2.67699,10730
2.79764,10728
2.91838,10726
3.0393,10724
3.1602,10722
3.28113,10720
3.40191,10718
3.52308,10716
3.64385,10714
3.76469,10712
3.88557,10710
4.00627,10708
4.12725,10706
4.24879,10704
4.36956,10702
4.49042,10700
4.61156,10698
4.73276,10696
4.85402,10694
4.97535,10692
5.09696,10690
5.21872,10688
5.34018,10686
5.46187,10684
5.58405,10682
5.70544,10680
5.82715,10678
5.9486,10676
6.07034,10674
6.19205,10672
6.31788,10670
6.4395,10668
6.56094,10666
6.68249,10664
6.8039,10662
6.92596,10660
7.04776,10658
7.16966,10656
7.29148,10654
7.41317,10652
7.53472,10650
7.65629,10648
7.77766,10646
7.89905,10644
8.02075,10642
8.14239,10640
8.26429,10638
8.38578,10636
8.50742,10634
8.62913,10632
8.75062,10630
8.87241,10628
8.99409,10626
9.12246,10624
9.2477,10622
9.3695,10620
9.49175,10618
9.61349,10616
9.73522,10614
9.85695,10612
9.97905,10610
10.1011,10608
10.2705,10606
10.3963,10604
10.5192,10602
10.6414,10600
10.7633,10598
10.8897,10596
11.014,10594
11.1766,10592
11.3029,10590
11.4302,10588
11.5529,10586
11.6761,10584
11.8019,10582
11.9241,10580
12.0467,10578
12.1695,10576
12.3022,10574
12.4737,10572
12.6134,10570
12.7904,10568
12.94,10566
13.0623,10564
13.1895,10562
13.3128,10560
13.4861,10558
13.6113,10556
13.7607,10554
13.8843,10552
14.0479,10550
14.1879,10548
14.3157,10546
14.4648,10544
14.5873,10542
14.7498,10540
14.875,10538
14.9993,10536
15.1312,10534
15.2751,10532
15.4022,10530
15.5653,10528
15.6891,10526
15.8232,10524
15.9615,10522
16.1077,10520
16.2493,10518
16.3758,10516
16.4991,10514
16.6229,10512
16.7703,10510
16.9029,10508
17.0658,10506
17.2013,10504
17.3559,10502
17.4932,10500
17.6444,10498
17.7896,10496
17.9342,10494
18.0676,10492
18.2244,10490
18.3508,10488
18.4961,10486
18.6235,10484
18.7469,10482
18.871,10480
18.9952,10478
19.1194,10476
19.2436,10474
19.3682,10472
19.4922,10470
19.6203,10468
19.7435,10466
19.868,10464
19.9942,10462
20.1232,10460
20.2557,10458
20.3816,10456
20.5099,10454
20.6356,10452
20.7608,10450
20.8897,10448
21.0148,10446
21.1522,10444
21.3134,10442
21.4735,10440
21.6299,10438
21.7604,10436
21.8847,10434
22.0086,10432
22.1333,10430
22.272,10428
22.4145,10426
22.5605,10424
22.7075,10422
22.8459,10420
22.9699,10418
23.1012,10416
23.2276,10414
23.3577,10412
23.4891,10410
23.6338,10408
23.7627,10406
23.934,10404
24.0649,10402
24.1922,10400
24.3342,10398
24.4578,10396
24.6178,10394
24.7488,10392
24.8977,10390
25.0208,10388
25.1793,10386
25.3024,10384
25.4265,10382
25.5611,10380
25.6948,10378
25.85,10376
25.979,10374
26.1282,10372
26.2543,10370
26.4147,10368
26.538,10366
26.6878,10364
26.8109,10362
26.9512,10360
27.0867,10358
27.2205,10356
27.3635,10354
27.4866,10352
27.6425,10350
27.7658,10348
27.9279,10346
28.0513,10344
28.2132,10342
28.3366,10340
28.4679,10338
28.5973,10336
28.7348,10334
28.9008,10332
29.0244,10330
29.1728,10328
29.2966,10326
29.4481,10324
29.5716,10322
29.7255,10320
29.8527,10318
29.9908,10316
30.1368,10314
30.2733,10312
30.4136,10310
30.5602,10308
30.7024,10306
30.8261,10304
30.9628,10302
31.0868,10300
31.2107,10298
31.3795,10296
31.5147,10294
31.6385,10292
31.802,10290
31.9257,10288
32.0495,10286
32.2055,10284
32.3461,10282
32.4697,10280
32.594,10278
32.7179,10276
32.8921,10274
33.0253,10272
33.1494,10270
33.273,10268
33.3969,10266
33.5203,10264
33.6883,10262
33.8215,10260
33.9451,10258
34.0686,10256
34.1978,10254
34.3213,10252
34.4454,10250
34.569,10248
34.7377,10246
34.8731,10244
34.9969,10242
35.1206,10240
35.2474,10238
35.3709,10236
35.4947,10234
35.6189,10232
35.7428,10230
35.8664,10228
36.0318,10226
36.1607,10224
36.2845,10222
36.4082,10220
36.5316,10218
36.6553,10216
36.7843,10214
36.9103,10212
37.038,10210
37.162,10208
37.2907,10206
37.4144,10204
37.5378,10202
37.6618,10200
37.7859,10198
37.9647,10196
38.0887,10194
38.2127,10192
38.3362,10190
38.4597,10188
38.5833,10186
38.7067,10184
38.8301,10182
38.9535,10180
39.0772,10178
39.2017,10176
39.3253,10174
39.4488,10172
39.5724,10170
39.696,10168
39.8193,10166
39.943,10164
40.067,10162
40.1961,10160
40.3551,10158
40.4921,10156
40.6165,10154
40.7418,10152
40.8653,10150
40.989,10148
41.1134,10146
41.2372,10144
41.3607,10142
41.4846,10140
41.6081,10138
41.7318,10136
41.8554,10134
41.979,10132
42.1032,10130
42.2274,10128
42.3512,10126
42.4747,10124
42.5981,10122
42.7289,10120
42.8525,10118
42.9762,10116
43.1001,10114
43.224,10112
43.3483,10110
43.4731,10108
43.5967,10106
43.7441,10104
43.8888,10102
44.0128,10100
44.1368,10098
44.2608,10096
44.3845,10094
44.5081,10092
44.6317,10090
44.7552,10088
44.8789,10086
45.0027,10084
45.1267,10082
45.2508,10080
45.3743,10078
45.4983,10076
45.6223,10074
45.7462,10072
45.8699,10070
45.9937,10068
46.1178,10066
46.2417,10064
46.3663,10062
46.4993,10060
46.628,10058
46.7562,10056
46.8801,10054
47.0039,10052
47.1281,10050
47.2523,10048
47.3856,10046
47.5094,10044
47.6332,10042
47.7602,10040
47.8837,10038
48.0076,10036
48.1316,10034
48.2604,10032
48.4017,10030
48.5573,10028
48.6828,10026
48.8068,10024
48.941,10022
49.065,10020
49.1952,10018
49.3192,10016
49.443,10014
49.5666,10012
49.6949,10010
49.8188,10008
49.9483,10006
50.0723,10004
50.1979,10002
50.3215,10000
50.4535,9998
50.5823,9996
50.7127,9994
50.8363,9992
50.9634,9990
51.0875,9988
51.213,9986
51.3373,9984
51.4612,9982
51.5849,9980
51.7086,9978
51.8323,9976
51.9559,9974
52.0795,9972
52.2092,9970
52.333,9968
52.4626,9966
52.5862,9964
52.7099,9962
52.8336,9960
52.9573,9958
53.0812,9956
53.2055,9954
53.3293,9952
53.4545,9950
53.5793,9948
53.7031,9946
53.8268,9944
53.9507,9942
54.0744,9940
54.1986,9938
54.3224,9936
54.4469,9934
54.5716,9932
54.6955,9930
54.8316,9928
54.9996,9926
55.129,9924
55.2532,9922
55.377,9920
55.501,9918
55.6298,9916
55.7536,9914
55.8775,9912
56.0014,9910
56.1254,9908
56.2496,9906
56.3734,9904
56.4976,9902
56.6239,9900
56.7505,9898
56.8744,9896
56.9981,9894
57.1222,9892
57.2462,9890
57.37,9888
57.4933,9886
57.6164,9884
57.7398,9882
57.8629,9880
57.9861,9878
58.1096,9876
58.2331,9874
58.3567,9872
58.4799,9870
58.603,9868
58.7315,9866
58.8547,9864
58.9781,9862
59.1014,9860
59.2252,9858
59.3485,9856
59.4717,9854
59.595,9852
59.718,9850
59.8413,9848
59.9645,9846
60.0876,9844
60.2115,9842
60.3348,9840
60.458,9838
60.5813,9836
60.705,9834
60.8282,9832
60.9514,9830
61.0745,9828
61.1984,9826
61.3217,9824
61.4449,9822
61.5681,9820
61.6913,9818
61.8145,9816
61.9376,9814
62.0607,9812
62.1845,9810
62.3085,9808
62.4319,9806
62.5551,9804
62.6781,9802
62.8013,9800
62.9244,9798
63.0477,9796
63.1717,9794
63.2948,9792
63.4181,9790
63.5414,9788
63.6649,9786
63.8017,9784
63.9532,9782
64.0765,9780
64.2001,9778
64.3235,9776
64.4469,9774
64.5701,9772
64.6934,9770
64.8165,9768
64.9398,9766
65.0685,9764
65.1928,9762
65.3166,9760
65.4567,9758
65.58,9756
65.7038,9754
65.827,9752
65.9502,9750
66.0734,9748
66.2003,9746
66.3234,9744
66.4466,9742
66.5698,9740
66.6984,9738
66.8222,9736
66.9464,9734
67.0699,9732
67.1943,9730
67.3177,9728
67.4414,9726
67.565,9724
67.6911,9722
67.8146,9720
67.9379,9718
68.0612,9716
68.1848,9714
68.308,9712
68.4312,9710
68.5542,9708
68.6775,9706
68.8064,9704
68.9298,9702
69.0534,9700
69.1779,9698
69.3015,9696
69.4251,9694
69.5485,9692
69.6721,9690
69.7956,9688
69.9192,9686
70.0428,9684
70.167,9682
70.2906,9680
70.4142,9678
70.538,9676
70.6621,9674
70.7885,9672
70.9122,9670
71.0358,9668
71.1603,9666
71.284,9664
71.4075,9662
71.5312,9660
71.6546,9658
71.7782,9656
71.9018,9654
72.0252,9652
72.1492,9650
72.2731,9648
72.3966,9646
72.5203,9644
72.6437,9642
72.7672,9640
72.8907,9638
73.0142,9636
73.1382,9634
73.262,9632
73.3857,9630
73.5092,9628
73.6332,9626
73.7574,9624
73.8863,9622
74.0096,9620
74.133,9618
74.2564,9616
74.3797,9614
74.5028,9612
74.6259,9610
74.749,9608
74.8721,9606
74.9955,9604
75.1187,9602
75.2425,9600
75.3656,9598
75.4887,9596
75.6121,9594
75.7358,9592
75.8589,9590
75.982,9588
76.1056,9586
76.2297,9584
76.3856,9582
76.509,9580
76.649,9578
76.7727,9576
76.9328,9574
77.0594,9572
77.2166,9570
77.3401,9568
77.4964,9566
77.6197,9564
77.7481,9562
77.9006,9560
78.0244,9558
78.1783,9556
78.3021,9554
78.426,9552
78.5495,9550
78.6729,9548
78.7966,9546
78.9201,9544
79.0441,9542
79.1686,9540
79.2922,9538
79.4516,9536
79.5752,9534
79.7362,9532
79.8625,9530
79.9861,9528
80.1251,9526
80.2496,9524
80.4089,9522
80.5354,9520
80.66,9518
80.7868,9516
80.922,9514
81.0484,9512
81.1985,9510
81.3381,9508
81.4656,9506
81.6051,9504
81.7285,9502
81.852,9500
81.9753,9498
82.0988,9496
82.2227,9494
82.3457,9492
82.4691,9490
82.592,9488
82.7151,9486
82.8383,9484
82.9671,9482
83.0911,9480
83.2153,9478
83.339,9476
83.4629,9474
83.5863,9472
83.7101,9470
83.8336,9468
83.957,9466
84.0808,9464
84.2051,9462
84.3288,9460
84.4524,9458
84.5759,9456
84.6995,9454
84.8229,9452
84.9466,9450
85.0704,9448
85.1946,9446
85.3187,9444
85.4421,9442
85.5656,9440
85.6899,9438
85.8135,9436
85.9371,9434
86.0609,9432
86.1949,9430
86.3184,9428
86.444,9426
86.5964,9424
86.7196,9422
86.892,9420
87.0166,9418
87.1713,9416
87.3043,9414
87.4466,9412
87.5853,9410
87.71,9408
87.8524,9406
87.9853,9404
88.1484,9402
88.2725,9400
88.4063,9398
88.5428,9396
88.6813,9394
88.825,9392
88.9738,9390
89.1015,9388
89.2451,9386
89.3736,9384
89.4968,9382
89.6201,9380
89.7466,9378
89.8703,9376
90.0029,9374
90.1563,9372
90.2805,9370
90.4044,9368
90.5281,9366
90.6856,9364
90.8192,9362
90.952,9360
91.0977,9358
91.224,9356
91.3687,9354
91.4923,9352
91.6457,9350
91.7694,9348
91.9208,9346
92.0642,9344
92.2009,9342
92.345,9340
92.4684,9338
92.6261,9336
92.75,9334
92.9062,9332
93.0298,9330
93.1965,9328
93.3201,9326
93.4442,9324
93.5676,9322
93.6908,9320
93.8406,9318
93.9696,9316
94.122,9314
94.2461,9312
94.3699,9310
94.4934,9308
94.6167,9306
94.7401,9304
94.8635,9302
94.9872,9300
95.1106,9298
95.2343,9296
95.3694,9294
95.5096,9292
95.6453,9290
95.8055,9288
95.929,9286
96.0739,9284
96.2016,9282
96.3609,9280
96.4848,9278
96.6327,9276
96.7564,9274
96.9214,9272
97.0452,9270
97.1721,9268
97.2957,9266
97.4194,9264
97.5457,9262
97.6905,9260
97.8277,9258
97.9844,9256
98.1091,9254
98.2574,9252
98.3946,9250
98.5565,9248
98.6803,9246
98.8398,9244
98.9684,9242
99.0922,9240
99.2165,9238
99.3847,9236
99.5187,9234
99.6426,9232
99.7822,9230
99.9485,9228
100.072,9226
100.201,9224
100.324,9222
100.477,9220
100.624,9218
100.748,9216
100.872,9214
101.001,9212
101.124,9210
101.274,9208
101.418,9206
101.542,9204
101.665,9202
101.789,9200
101.912,9198
102.036,9196
102.16,9194
102.283,9192
102.457,9190
102.595,9188
102.718,9186
102.842,9184
102.975,9182
103.099,9180
103.223,9178
103.347,9176
103.471,9174
103.594,9172
103.718,9170
103.862,9168
104.011,9166
104.149,9164
104.272,9162
104.396,9160
104.519,9158
104.643,9156
104.778,9154
104.907,9152
105.033,9150
105.161,9148
105.29,9146
105.423,9144
105.561,9142
105.729,9140
105.864,9138
105.988,9136
106.112,9134
106.236,9132
106.36,9130
106.483,9128
106.607,9126
106.73,9124
106.854,9122
106.977,9120
107.106,9118
107.23,9116
107.354,9114
107.477,9112
107.6,9110
107.724,9108
107.848,9106
107.971,9104
108.127,9102
108.275,9100
108.399,9098
108.522,9096
108.646,9094
108.77,9092
108.896,9090
109.026,9088
109.15,9086
109.273,9084
109.397,9082
109.52,9080
109.643,9078
109.768,9076
109.891,9074
110.015,9072
110.138,9070
110.262,9068
110.391,9066
110.518,9064
110.641,9062
110.765,9060
110.893,9058
111.016,9056
111.14,9054
111.264,9052
111.387,9050
111.555,9048
111.686,9046
111.809,9044
111.933,9042
112.056,9040
112.18,9038
112.303,9036
112.426,9034
112.55,9032
112.673,9030
112.796,9028
112.926,9026
113.05,9024
113.174,9022
113.297,9020
113.42,9018
113.546,9016
113.675,9014
113.798,9012
113.922,9010
114.045,9008
114.17,9006
114.293,9004
114.417,9002
114.54,9000
114.664,8998
114.787,8996
114.91,8994
115.037,8992
115.16,8990
115.284,8988
115.407,8986
115.53,8984
115.654,8982
115.777,8980
115.901,8978
116.024,8976
116.19,8974
116.319,8972
116.442,8970
116.566,8968
116.694,8966
116.818,8964
116.941,8962
117.065,8960
117.189,8958
117.312,8956
117.436,8954
117.563,8952
117.69,8950
117.813,8948
117.936,8946
118.061,8944
118.191,8942
118.315,8940
118.438,8938
118.562,8936
118.685,8934
118.808,8932
118.931,8930
119.054,8928
119.178,8926
119.301,8924
119.424,8922
119.547,8920
119.67,8918
119.793,8916
119.916,8914
120.04,8912
120.164,8910
120.287,8908
120.41,8906
120.543,8904
120.67,8902
120.794,8900
120.917,8898
121.04,8896
121.164,8894
121.287,8892
121.41,8890
121.534,8888
121.657,8886
121.787,8884
121.911,8882
122.035,8880
122.159,8878
122.282,8876
122.406,8874
122.529,8872
122.652,8870
122.775,8868
122.926,8866
123.085,8864
123.211,8862
123.334,8860
123.457,8858
123.581,8856
123.704,8854
123.828,8852
123.951,8850
124.074,8848
124.199,8846
124.322,8844
124.446,8842
124.569,8840
124.692,8838
124.815,8836
124.939,8834
125.062,8832
125.186,8830
125.31,8828
125.433,8826
125.556,8824
125.679,8822
125.803,8820
125.927,8818
126.05,8816
126.178,8814
126.301,8812
126.424,8810
126.552,8808
126.675,8806
126.798,8804
126.922,8802
127.045,8800
127.168,8798
127.292,8796
127.415,8794
127.538,8792
127.661,8790
127.784,8788
127.907,8786
128.03,8784
128.154,8782
128.277,8780
128.4,8778
128.523,8776
128.646,8774
128.769,8772
128.892,8770
129.015,8768
129.138,8766
129.265,8764
129.388,8762
129.512,8760
129.635,8758
129.758,8756
129.881,8754
130.004,8752
130.128,8750
130.251,8748
130.375,8746
130.498,8744
130.621,8742
130.75,8740
130.873,8738
130.997,8736
131.12,8734
131.243,8732
131.367,8730
131.49,8728
131.614,8726
131.737,8724
131.902,8722
132.042,8720
132.165,8718
132.289,8716
132.412,8714
132.535,8712
132.658,8710
132.781,8708
132.904,8706
133.028,8704
133.151,8702
133.275,8700
133.398,8698
133.521,8696
133.644,8694
133.766,8692
133.89,8690
134.013,8688
134.136,8686
134.26,8684
134.383,8682
134.506,8680
134.629,8678
134.752,8676
134.875,8674
134.998,8672
135.121,8670
135.244,8668
135.373,8666
135.496,8664
135.619,8662
135.742,8660
135.866,8658
135.989,8656
136.112,8654
136.235,8652
136.358,8650
136.481,8648
136.604,8646
136.733,8644
136.856,8642
136.979,8640
137.102,8638
137.226,8636
137.349,8634
137.472,8632
137.596,8630
137.719,8628
137.842,8626
137.965,8624
138.088,8622
138.212,8620
138.336,8618
138.459,8616
138.582,8614
138.705,8612
138.828,8610
138.951,8608
139.075,8606
139.204,8604
139.327,8602
139.45,8600
139.578,8598
139.701,8596
139.824,8594
139.948,8592
140.071,8590
140.196,8588
140.322,8586
140.451,8584
140.574,8582
140.703,8580
140.826,8578
140.949,8576
141.072,8574
141.196,8572
141.319,8570
141.443,8568
141.567,8566
141.69,8564
141.819,8562
141.945,8560
142.073,8558
142.197,8556
142.322,8554
142.445,8552
142.573,8550
142.697,8548
142.821,8546
142.945,8544
143.069,8542
143.192,8540
143.316,8538
143.44,8536
143.564,8534
143.686,8532
143.809,8530
143.932,8528
144.056,8526
144.179,8524
144.333,8522
144.473,8520
144.615,8518
144.743,8516
144.894,8514
145.029,8512
145.167,8510
145.303,8508
145.445,8506
145.597,8504
145.725,8502
145.884,8500
146.007,8498
146.135,8496
146.295,8494
146.422,8492
146.568,8490
146.692,8488
146.865,8486
146.988,8484
147.139,8482
147.263,8480
147.406,8478
147.544,8476
147.67,8474
147.821,8472
147.946,8470
148.115,8468
148.252,8466
148.404,8464
148.53,8462
148.654,8460
148.778,8458
148.905,8456
149.031,8454
149.155,8452
149.317,8450
149.443,8448
149.57,8446
149.697,8444
149.839,8442
149.978,8440
150.124,8438
150.256,8436
150.397,8434
150.536,8432
150.695,8430
150.823,8428
150.981,8426
151.108,8424
151.268,8422
151.392,8420
151.534,8418
151.657,8416
151.837,8414
151.961,8412
152.089,8410
152.23,8408
152.353,8406
152.516,8404
152.642,8402
152.797,8400
152.923,8398
153.074,8396
153.198,8394
153.356,8392
153.493,8390
153.621,8388
153.77,8386
153.893,8384
154.043,8382
154.171,8380
154.338,8378
154.461,8376
154.61,8374
154.734,8372
154.894,8370
155.023,8368
155.17,8366
155.293,8364
155.416,8362
155.54,8360
155.673,8358
155.8,8356
155.928,8354
156.053,8352
156.177,8350
156.301,8348
156.457,8346
156.594,8344
156.72,8342
156.87,8340
156.999,8338
157.161,8336
157.283,8334
157.41,8332
157.533,8330
157.656,8328
157.779,8326
157.91,8324
158.078,8322
158.219,8320
158.351,8318
158.484,8316
158.626,8314
158.75,8312
158.873,8310
158.996,8308
159.119,8306
159.283,8304
159.427,8302
159.561,8300
159.699,8298
159.822,8296
159.987,8294
160.11,8292
160.257,8290
160.387,8288
160.555,8286
160.689,8284
160.831,8282
160.956,8280
161.112,8278
161.239,8276
161.392,8274
161.515,8272
161.678,8270
161.814,8268
161.94,8266
162.111,8264
162.244,8262
162.368,8260
162.508,8258
162.656,8256
162.779,8254
162.902,8252
163.025,8250
163.194,8248
163.321,8246
163.444,8244
163.567,8242
163.693,8240
163.816,8238
163.943,8236
164.067,8234
164.19,8232
164.314,8230
164.438,8228
164.561,8226
164.684,8224
164.807,8222
164.931,8220
165.054,8218
165.178,8216
165.301,8214
165.424,8212
165.548,8210
165.671,8208
165.794,8206
165.918,8204
166.041,8202
166.165,8200
166.288,8198
166.412,8196
166.535,8194
166.663,8192
166.787,8190
166.91,8188
167.033,8186
167.162,8184
167.285,8182
167.411,8180
167.535,8178
167.658,8176
167.781,8174
167.904,8172
168.027,8170
168.151,8168
168.294,8166
168.43,8164
168.554,8162
168.694,8160
168.857,8158
168.98,8156
169.104,8154
169.229,8152
169.353,8150
169.477,8148
169.6,8146
169.724,8144
169.847,8142
169.971,8140
170.096,8138
170.22,8136
170.345,8134
170.475,8132
170.643,8130
170.767,8128
170.891,8126
171.015,8124
171.139,8122
171.263,8120
171.387,8118
171.515,8116
171.64,8114
171.764,8112
171.894,8110
172.028,8108
172.152,8106
172.276,8104
172.399,8102
172.523,8100
172.646,8098
172.77,8096
172.894,8094
173.02,8092
173.188,8090
173.321,8088
173.445,8086
173.569,8084
173.693,8082
173.817,8080
173.941,8078
174.065,8076
174.189,8074
174.314,8072
174.438,8070
174.562,8068
174.686,8066
174.81,8064
174.934,8062
175.058,8060
175.187,8058
175.311,8056
175.435,8054
175.559,8052
175.683,8050
175.807,8048
175.931,8046
176.056,8044
176.18,8042
176.308,8040
176.449,8038
176.611,8036
176.736,8034
176.86,8032
176.984,8030
177.109,8028
177.238,8026
177.363,8024
177.487,8022
177.611,8020
177.735,8018
177.859,8016
177.983,8014
178.107,8012
178.232,8010
178.36,8008
178.489,8006
178.613,8004
178.738,8002
178.862,8000
178.986,7998
179.111,7996
179.236,7994
179.361,7992
179.485,7990
179.609,7988
179.734,7986
179.858,7984
179.982,7982
180.107,7980
180.231,7978
180.36,7976
180.489,7974
180.614,7972
180.739,7970
180.863,7968
180.988,7966
181.113,7964
181.297,7962
181.436,7960
181.562,7958
181.69,7956
181.815,7954
181.939,7952
182.064,7950
182.189,7948
182.313,7946
182.438,7944
182.562,7942
182.687,7940
182.811,7938
182.935,7936
183.06,7934
183.185,7932
183.309,7930
183.434,7928
183.558,7926
183.682,7924
183.807,7922
183.931,7920
184.062,7918
184.187,7916
184.312,7914
184.436,7912
184.561,7910
184.686,7908
184.81,7906
184.935,7904
185.059,7902
185.184,7900
185.309,7898
185.433,7896
185.558,7894
185.682,7892
185.807,7890
185.937,7888
186.061,7886
186.187,7884
186.314,7882
186.439,7880
186.564,7878
186.688,7876
186.813,7874
186.938,7872
187.062,7870
187.187,7868
187.312,7866
187.437,7864
187.567,7862
187.74,7860
187.867,7858
187.992,7856
188.118,7854
188.243,7852
188.378,7850
188.503,7848
188.631,7846
188.757,7844
188.882,7842
189.01,7840
189.135,7838
189.261,7836
189.386,7834
189.511,7832
189.637,7830
189.763,7828
189.889,7826
190.015,7824
190.154,7822
190.29,7820
190.417,7818
190.554,7816
190.692,7814
190.826,7812
190.963,7810
191.091,7808
191.221,7806
191.35,7804
191.477,7802
191.603,7800
191.728,7798
191.853,7796
191.978,7794
192.124,7792
192.267,7790
192.414,7788
192.558,7786
192.707,7784
192.852,7782
193.004,7780
193.157,7778
193.308,7776
193.457,7774
193.582,7772
193.708,7770
193.833,7768
193.96,7766
194.086,7764
194.211,7762
194.337,7760
194.463,7758
194.59,7756
194.719,7754
194.846,7752
194.984,7750
195.128,7748
195.254,7746
195.386,7744
195.523,7742
195.659,7740
195.789,7738
195.916,7736
196.041,7734
196.167,7732
196.292,7730
196.418,7728
196.543,7726
196.669,7724
196.794,7722
196.925,7720
197.068,7718
197.246,7716
197.375,7714
197.506,7712
197.648,7710
197.774,7708
197.9,7706
198.026,7704
198.153,7702
198.284,7700
198.411,7698
198.543,7696
198.68,7694
198.809,7692
198.935,7690
199.061,7688
199.187,7686
199.313,7684
199.439,7682
199.571,7680
199.702,7678
199.827,7676
199.953,7674
200.08,7672
200.206,7670
200.333,7668
200.463,7666
200.589,7664
200.715,7662
200.842,7660
200.973,7658
201.102,7656
201.228,7654
201.355,7652
201.481,7650
201.607,7648
201.733,7646
201.859,7644
201.985,7642
202.111,7640
202.237,7638
202.363,7636
202.488,7634
202.615,7632
202.741,7630
202.867,7628
202.995,7626
203.135,7624
203.261,7622
203.387,7620
203.513,7618
203.639,7616
203.765,7614
203.891,7612
204.017,7610
204.144,7608
204.27,7606
204.396,7604
204.522,7602
204.649,7600
204.775,7598
204.901,7596
205.027,7594
205.154,7592
205.28,7590
205.406,7588
205.532,7586
205.659,7584
205.785,7582
205.918,7580
206.044,7578
206.173,7576
206.301,7574
206.43,7572
206.558,7570
206.687,7568
206.813,7566
206.94,7564
207.066,7562
207.192,7560
207.318,7558
207.444,7556
207.57,7554
207.697,7552
207.823,7550
207.949,7548
208.076,7546
208.202,7544
208.328,7542
208.454,7540
208.58,7538
208.708,7536
208.839,7534
208.966,7532
209.095,7530
209.221,7528
209.348,7526
209.478,7524
209.65,7522
209.777,7520
209.915,7518
210.059,7516
210.204,7514
210.349,7512
210.484,7510
210.627,7508
210.773,7506
210.93,7504
211.068,7502
211.208,7500
211.364,7498
211.497,7496
211.634,7494
211.776,7492
211.918,7490
212.076,7488
212.208,7486
212.355,7484
212.495,7482
212.657,7480
212.786,7478
212.933,7476
213.063,7474
213.234,7472
213.36,7470
213.498,7468
213.625,7466
213.785,7464
213.912,7462
214.076,7460
214.203,7458
214.38,7456
214.517,7454
214.681,7452
214.807,7450
214.975,7448
215.105,7446
215.232,7444
215.359,7442
215.486,7440
215.612,7438
215.739,7436
215.866,7434
215.996,7432
216.126,7430
216.253,7428
216.385,7426
216.515,7424
216.642,7422
216.769,7420
216.897,7418
217.025,7416
217.193,7414
217.323,7412
217.45,7410
217.576,7408
217.747,7406
217.874,7404
218.027,7402
218.154,7400
218.294,7398
218.421,7396
218.591,7394
218.718,7392
218.845,7390
218.982,7388
219.142,7386
219.274,7384
219.433,7382
219.563,7380
219.714,7378
219.842,7376
220.007,7374
220.134,7372
220.271,7370
220.413,7368
220.571,7366
220.699,7364
220.853,7362
220.981,7360
221.151,7358
221.278,7356
221.437,7354
221.564,7352
221.726,7350
221.855,7348
222.004,7346
222.132,7344
222.294,7342
222.429,7340
222.589,7338
222.716,7336
222.884,7334
223.015,7332
223.174,7330
223.302,7328
223.468,7326
223.595,7324
223.754,7322
223.881,7320
224.039,7318
224.172,7316
224.326,7314
224.453,7312
224.612,7310
224.742,7308
224.87,7306
224.997,7304
225.125,7302
225.261,7300
225.404,7298
225.537,7296
225.704,7294
225.835,7292
225.993,7290
226.127,7288
226.261,7286
226.407,7284
226.568,7282
226.701,7280
226.833,7278
227.011,7276
227.141,7274
227.268,7272
227.395,7270
227.524,7268
227.652,7266
227.81,7264
227.97,7262
228.098,7260
228.226,7258
228.359,7256
228.536,7254
228.74,7252
228.883,7250
229.017,7248
229.145,7246
229.273,7244
229.401,7242
261.645,7154
264.392,7148
267.248,7140
267.666,7139
268.847,7136
269.607,7133
270.526,7132
271.163,7131
276.354,7115
276.629,7114
292.052,7110
292.186,7109
292.314,7107
292.449,7106
296.455,7091
296.594,7090
297.003,7087
297.14,7086
298.477,7081
298.612,7080
299.507,7076
