0.02048, 815
0.037772, 814
0.066332, 813
0.100756, 812
0.283948, 811
0.304498, 810
0.332973, 809
0.548269, 808
0.916194, 807
0.962535, 806
1.24638, 805
1.28584, 804
1.5337, 803
2.51957, 802
2.56357, 801
2.57604, 800
2.60671, 799
3.30706, 798
4.26097, 797
4.3712, 796
4.48221, 795
5.08502, 794
5.35587, 793
5.38126, 792
5.42035, 791
5.46211, 790
5.48566, 789
6.12007, 788
6.56591, 787
6.67028, 786
6.76383, 785
6.80309, 784
7.05589, 783
7.32593, 782
7.77616, 781
7.98373, 780
8.23297, 779
8.28623, 778
8.43172, 777
9.27662, 776
9.31094, 775
9.40054, 774
9.41442, 773
9.49437, 772
9.72841, 771
9.82633, 770
9.94958, 769
10.008, 768
10.0558, 767
10.0826, 766
11.3031, 765
11.3817, 764
11.5551, 763
11.7696, 762
13.2912, 761
13.4594, 760
13.5045, 759
14.0019, 758
14.0762, 757
14.2797, 756
14.496, 755
14.5209, 754
14.8131, 753
15.4229, 752
15.6083, 751
15.7256, 750
15.8103, 749
16.8909, 748
17.0098, 747
17.332, 746
17.6319, 745
17.81, 744
17.8801, 743
18.0556, 742
18.4347, 741
18.7635, 740
18.9137, 739
19.1176, 738
19.139, 737
19.1827, 736
19.3462, 735
19.6655, 734
19.7118, 733
19.9886, 732
20.1859, 731
20.9325, 730
21.0079, 729
21.379, 727
21.6419, 726
21.7977, 725
21.907, 724
22.6058, 723
22.6526, 722
22.941, 721
23.4301, 720
24.0778, 719
24.6931, 718
24.9202, 717
25.2719, 716
25.7876, 715
25.8898, 714
26.1548, 713
26.1741, 712
26.7497, 711
26.83, 710
26.9664, 709
27.2453, 708
27.9195, 707
28.0021, 706
28.5981, 705
28.7073, 704
29.1803, 703
29.8092, 702
30.0671, 701
30.1529, 700
30.4228, 698
31.3396, 697
31.5484, 696
31.7431, 695
32.2721, 694
32.3794, 693
32.9953, 692
34.1886, 691
34.5573, 689
34.9924, 688
35.5456, 687
35.9891, 686
37.0138, 685
37.1654, 684
37.4812, 683
37.5977, 682
38.6948, 681
38.8994, 680
40.7583, 679
41.3062, 678
41.563, 677
41.6437, 676
42.9594, 675
43.4591, 674
43.5371, 673
44.111, 672
45, 671
45.8337, 670
46.5142, 669
46.8222, 668
46.8829, 667
47.1725, 666
48.5148, 665
48.9917, 664
49.9647, 663
50.6565, 662
50.7304, 661
50.8647, 660
51.9017, 659
52.7628, 658
52.8184, 657
53.1194, 656
53.5558, 655
53.9316, 654
54.6228, 653
54.769, 652
56.5282, 651
60.3767, 650
61.1036, 649
61.2169, 648
64.2268, 647
64.6369, 646
67.2561, 645
67.3927, 644
68.8931, 643
71.144, 642
76.8205, 641
76.843, 640
77.0333, 639
78.3451, 638
78.6338, 637
79.4544, 636
82.3933, 635
82.765, 634
87.2419, 633
90.5395, 632
90.8982, 631
100.954, 630
102.464, 629
105.416, 628
110.951, 627
112.193, 626
113.154, 625
113.3, 624
114.451, 623
116.782, 622
118.816, 621
123.57, 620
126.736, 619
129.204, 618
129.249, 617
133.206, 616
143.811, 615
144.243, 614
147.061, 613
154.325, 612
178.882, 611
179.511, 610
180.91, 609
181.69, 608
199.463, 607
207.661, 606
261.616, 605
263.124, 604
283.877, 603
337.821, 602
353.462, 601
383.96, 600
422.772, 599
591.792, 598
603.496, 597
