0.196644, 1223
0.226099, 1222
0.262069, 1221
0.352323, 1220
0.388547, 1219
0.424821, 1218
0.461625, 1217
0.498126, 1216
0.524942, 1215
0.545541, 1214
0.631551, 1213
0.668376, 1212
0.72928, 1211
0.889186, 1210
0.96193, 1209
1.03535, 1208
1.07205, 1207
1.13985, 1206
1.17302, 1205
1.20991, 1204
1.24684, 1203
1.28372, 1202
1.83658, 1201
1.87455, 1200
2.02556, 1199
2.06353, 1198
2.13802, 1197
2.15851, 1196
2.22034, 1195
2.28458, 1194
2.35904, 1193
2.74181, 1192
2.89475, 1191
3.03848, 1190
3.10498, 1189
3.18235, 1188
3.2207, 1187
3.25944, 1186
3.29693, 1185
3.36746, 1184
3.39575, 1183
3.50505, 1182
3.52611, 1181
3.56167, 1180
3.70983, 1179
3.86376, 1178
3.94113, 1177
4.29155, 1176
4.3304, 1175
4.41289, 1174
4.48004, 1173
4.71334, 1172
4.78859, 1171
4.82342, 1170
4.91017, 1169
4.94887, 1168
5.00326, 1167
5.02448, 1166
5.04575, 1165
5.19346, 1164
5.26925, 1163
5.30808, 1162
5.34439, 1161
5.40475, 1160
5.43872, 1159
5.50695, 1158
5.64626, 1157
5.72575, 1156
5.76097, 1155
5.83273, 1154
5.86654, 1153
6.1404, 1152
6.2102, 1151
6.23723, 1150
6.39494, 1149
6.57433, 1148
6.65283, 1147
7.0763, 1146
7.14904, 1145
7.32576, 1144
7.51688, 1143
7.55465, 1142
7.88659, 1141
8.12953, 1140
8.36745, 1139
8.47049, 1138
8.49239, 1137
8.65292, 1136
8.68931, 1135
8.80655, 1134
8.96241, 1133
9.3948, 1132
9.45284, 1131
9.57918, 1130
9.71679, 1129
9.82368, 1128
10.1252, 1127
10.2093, 1126
10.4263, 1125
10.4488, 1124
11.1887, 1123
11.2605, 1122
11.2844, 1121
11.6963, 1120
11.9008, 1119
11.932, 1118
12.3755, 1117
12.8089, 1116
13.1375, 1115
13.2484, 1114
13.5657, 1113
13.7148, 1112
13.7384, 1111
14.0034, 1110
14.1117, 1109
14.4432, 1108
14.6811, 1107
14.75, 1106
14.8813, 1105
15.49, 1104
15.7376, 1103
15.7659, 1102
15.8296, 1101
15.9528, 1100
16.0377, 1099
16.4963, 1098
16.579, 1097
16.9498, 1096
17.0222, 1095
17.1306, 1094
17.1791, 1093
17.4359, 1092
18.0264, 1091
18.0854, 1090
18.108, 1089
18.2993, 1088
18.3781, 1087
18.4357, 1086
18.6907, 1085
18.864, 1084
18.905, 1083
19.1476, 1082
19.5959, 1080
19.6671, 1079
19.9762, 1078
20.2723, 1077
20.4945, 1076
20.5494, 1075
21.0133, 1074
21.2828, 1073
21.5736, 1072
21.7034, 1071
21.7774, 1070
22.0436, 1069
22.116, 1068
22.6553, 1067
22.7228, 1066
22.9335, 1065
23.0442, 1064
23.1958, 1063
23.2987, 1062
23.3238, 1061
24.4584, 1060
24.6084, 1059
24.7057, 1058
24.7944, 1057
25.6075, 1056
25.6894, 1055
25.8772, 1054
26.144, 1053
26.2908, 1052
27.0296, 1051
27.2577, 1050
27.4334, 1049
27.6179, 1048
27.6581, 1047
27.6984, 1046
28.8369, 1045
28.8718, 1044
28.9716, 1043
29.0622, 1042
29.1839, 1041
29.8224, 1040
29.9855, 1039
30.1487, 1038
30.6386, 1037
30.7044, 1036
30.9445, 1035
30.9851, 1034
31.1678, 1033
31.6143, 1032
31.9077, 1031
31.9957, 1030
32.262, 1029
32.4146, 1028
32.4551, 1025
32.971, 1024
33.0429, 1023
33.3546, 1022
33.3949, 1021
33.4643, 1020
33.4978, 1019
33.6585, 1018
34.052, 1017
34.1195, 1016
34.3546, 1015
34.5569, 1014
34.6597, 1013
34.8838, 1012
35.454, 1011
35.6984, 1010
36.1876, 1009
36.9546, 1008
37.5464, 1007
38.7786, 1006
38.8836, 1005
38.946, 1004
39.3142, 1003
40.2141, 1002
40.6312, 1001
40.7606, 999
41.2843, 998
41.4227, 997
41.6556, 996
41.8111, 995
43.9566, 994
45.0641, 993
45.1852, 992
45.676, 991
47.5736, 990
48.0563, 989
48.3871, 988
49.837, 987
49.8582, 986
49.9323, 985
50.5709, 984
51.2771, 983
53.6842, 982
53.8992, 980
54.1828, 979
54.904, 978
55.1181, 977
55.5939, 976
56.4902, 975
56.6843, 974
56.9556, 973
57.7112, 972
58.0094, 971
58.8799, 970
59.1887, 969
59.8564, 968
61.4421, 967
62.4907, 966
63.2526, 965
63.4218, 964
63.587, 963
63.9748, 962
64.9809, 961
65.6505, 960
68.3794, 959
70.1165, 958
70.1413, 957
73.1728, 956
75.0682, 955
76.8875, 954
76.9428, 953
78.5125, 952
79.8109, 951
84.0708, 950
84.2088, 949
88.3166, 948
89.0769, 947
92.108, 946
92.4844, 945
97.8444, 944
101.754, 943
104.672, 942
104.978, 941
107.293, 940
107.856, 939
108.814, 938
116.584, 937
116.745, 936
120.535, 935
123.029, 934
123.528, 933
124.504, 932
127.745, 931
129.164, 930
137.749, 929
141.794, 928
142.514, 927
149.409, 926
152.599, 925
154.821, 924
155.157, 923
165.753, 922
168.67, 921
169.969, 920
180.722, 919
190.149, 918
190.867, 917
200.268, 916
200.648, 915
201.207, 914
201.382, 913
207.219, 912
217.661, 911
222.68, 910
245.453, 909
250.572, 908
279.845, 907
294.115, 906
296.555, 905
325.049, 904
343.545, 903
361.187, 902
364.587, 901
393.993, 900
