0.185801, 3735
0.802529, 3734
1.10495, 3733
1.69861, 3732
2.52809, 3731
2.81547, 3730
3.6902, 3729
5.24607, 3728
5.82328, 3727
7.39347, 3726
8.3347, 3725
8.99459, 3724
9.58893, 3723
10.1369, 3722
10.4188, 3721
10.7271, 3720
10.9879, 3719
11.6104, 3718
12.9079, 3717
13.2595, 3716
14.2429, 3715
14.5855, 3714
15.1645, 3713
16.6147, 3712
17.2503, 3711
19.0189, 3710
19.339, 3709
20.2451, 3708
20.9002, 3707
21.3594, 3706
21.7117, 3705
22.2231, 3704
22.472, 3703
23.0409, 3702
23.6099, 3701
24.2485, 3700
24.5564, 3699
25.5993, 3698
26.4386, 3697
29.3047, 3696
29.5404, 3695
30.0313, 3694
30.3356, 3693
30.6539, 3692
31.2504, 3691
31.5818, 3690
32.1888, 3689
33.4311, 3688
34.127, 3687
34.9787, 3686
35.3172, 3685
36.8029, 3684
37.1252, 3683
37.393, 3682
37.7402, 3681
39.0613, 3680
39.6945, 3679
40.009, 3678
41.5982, 3677
42.0838, 3676
42.9567, 3675
43.6724, 3674
44.3215, 3673
44.5828, 3672
44.8453, 3671
45.7573, 3670
46.0482, 3669
46.3747, 3668
46.9718, 3667
48.2466, 3666
48.545, 3665
48.8467, 3664
50.542, 3663
50.8118, 3662
51.0685, 3661
51.3408, 3660
52.1775, 3659
52.5118, 3658
55.9149, 3657
56.2605, 3656
56.9037, 3655
57.6209, 3654
59.9045, 3653
61.4447, 3652
62.655, 3651
63.0724, 3650
63.3023, 3649
64.6415, 3648
64.9381, 3647
65.2739, 3646
65.6183, 3645
66.1935, 3644
67.385, 3643
68.6234, 3642
68.9714, 3641
69.3291, 3640
69.9448, 3639
70.9516, 3638
71.305, 3637
71.8244, 3636
72.3745, 3635
72.9542, 3634
73.256, 3633
74.2589, 3632
74.8748, 3631
75.4874, 3630
76.1013, 3629
76.3945, 3628
76.7185, 3627
77.4841, 3626
77.7296, 3625
78.042, 3624
79.3994, 3623
79.7021, 3622
80.5524, 3621
80.8592, 3620
81.1659, 3619
81.8099, 3618
82.9786, 3617
83.9582, 3616
84.2514, 3615
84.5412, 3614
85.3643, 3613
86.6231, 3612
86.8584, 3611
88.8119, 3610
89.4668, 3609
89.7111, 3608
91.5376, 3607
92.1176, 3606
97.2971, 3605
98.5454, 3604
98.8509, 3603
99.9973, 3602
100.288, 3601
100.639, 3600
100.961, 3599
101.459, 3598
102.082, 3597
102.355, 3596
102.958, 3595
104.46, 3594
105.024, 3593
105.928, 3592
106.25, 3591
106.535, 3590
106.796, 3589
107.994, 3588
108.902, 3587
109.207, 3586
109.56, 3585
111.097, 3584
111.761, 3583
112.448, 3582
112.795, 3581
113.422, 3580
114.558, 3579
114.884, 3578
115.604, 3577
115.956, 3576
116.791, 3575
117.073, 3574
118.762, 3573
119.068, 3572
120.389, 3571
120.658, 3570
121.161, 3569
121.8, 3568
122.121, 3567
123.579, 3566
124.521, 3565
125.736, 3564
126.079, 3563
126.424, 3562
127.203, 3561
127.497, 3560
127.842, 3559
128.947, 3558
129.235, 3557
131.403, 3556
131.753, 3555
132.014, 3554
132.255, 3553
133.258, 3552
133.531, 3551
134.197, 3550
135.479, 3549
135.79, 3548
137.573, 3547
138.517, 3546
142.419, 3545
143.312, 3544
143.941, 3543
144.663, 3542
144.99, 3541
147.446, 3540
148.446, 3539
148.799, 3538
149.63, 3537
150.247, 3536
150.499, 3535
151.534, 3534
152.845, 3533
153.197, 3532
154.383, 3531
155.009, 3530
155.371, 3529
155.724, 3528
156.342, 3527
157.35, 3526
157.947, 3525
158.311, 3524
158.981, 3523
160.282, 3522
161.582, 3521
162.81, 3520
163.078, 3519
163.734, 3518
164.67, 3517
165.333, 3516
165.941, 3515
166.49, 3514
168.168, 3513
168.405, 3512
168.636, 3511
169.785, 3510
170.031, 3509
171.773, 3508
172.413, 3507
174.071, 3506
174.983, 3505
175.292, 3504
176.296, 3503
178.437, 3502
181.262, 3501
181.833, 3500
182.176, 3499
183.308, 3498
184.146, 3497
184.437, 3496
185.051, 3495
185.651, 3494
186.014, 3493
186.366, 3492
187.931, 3491
188.539, 3490
189.793, 3489
190.665, 3488
191.744, 3487
192.861, 3486
193.219, 3485
194.106, 3484
194.388, 3483
194.966, 3482
195.325, 3481
196.267, 3480
197.622, 3479
198.268, 3478
199.217, 3477
200.187, 3476
201.151, 3475
201.424, 3474
204.574, 3473
205.395, 3472
205.655, 3471
205.894, 3470
206.622, 3469
206.955, 3468
208.218, 3467
214.283, 3466
215.431, 3465
216.37, 3464
217.679, 3463
218.286, 3462
219.348, 3461
220.328, 3460
223.363, 3459
223.621, 3458
223.982, 3457
224.332, 3456
225.006, 3455
226.562, 3454
226.8, 3453
227.046, 3452
228.432, 3451
229.063, 3450
229.304, 3449
229.671, 3448
231.01, 3447
231.314, 3446
231.664, 3445
232.2, 3444
232.909, 3443
234.099, 3442
236.471, 3441
237.076, 3440
237.404, 3439
237.69, 3438
238.327, 3437
239.766, 3436
240.127, 3435
240.422, 3434
241.433, 3433
241.793, 3432
243.084, 3431
243.434, 3430
243.686, 3429
244.866, 3428
245.185, 3427
246.151, 3426
247.941, 3425
249.312, 3424
251.679, 3423
252.308, 3422
255.497, 3421
256.745, 3420
257.282, 3419
257.568, 3418
258.779, 3417
260.855, 3416
261.875, 3415
262.167, 3414
262.888, 3413
266.199, 3412
267.094, 3411
267.397, 3410
268.437, 3409
270.566, 3408
271.517, 3407
272.471, 3406
272.778, 3405
274.715, 3404
276.316, 3403
278.051, 3402
278.688, 3401
279.358, 3400
279.719, 3399
281.279, 3398
282.177, 3397
282.491, 3396
283.38, 3395
283.747, 3394
284.392, 3393
284.746, 3392
286.493, 3391
287.123, 3390
287.467, 3389
288.12, 3388
288.472, 3387
289.5, 3386
291.975, 3385
292.314, 3384
294.387, 3383
295.556, 3382
297.196, 3381
299.116, 3380
299.463, 3379
300.161, 3378
300.396, 3377
303.289, 3376
303.561, 3375
305.364, 3374
305.678, 3373
307.583, 3372
312.563, 3371
314.433, 3370
315.35, 3369
315.652, 3368
316.214, 3367
317.01, 3366
318.211, 3365
319.103, 3364
319.687, 3363
320.026, 3362
322.372, 3361
322.97, 3360
323.284, 3359
324.115, 3358
324.429, 3357
327.93, 3356
328.502, 3355
329.175, 3354
330.276, 3353
331.587, 3352
331.955, 3351
332.242, 3350
332.862, 3349
333.509, 3348
335.392, 3347
336.642, 3346
337.731, 3345
338.099, 3344
339.3, 3343
340.265, 3342
344.654, 3341
345.022, 3340
345.884, 3339
346.487, 3338
347.389, 3337
349.504, 3336
350.698, 3335
351.061, 3334
351.648, 3333
352.319, 3332
353.571, 3331
353.898, 3330
356.899, 3329
359.53, 3328
359.881, 3327
360.206, 3326
362.523, 3325
364.214, 3324
367.804, 3323
368.969, 3322
369.188, 3321
371.225, 3320
372.008, 3319
372.31, 3318
372.951, 3317
373.548, 3316
376.022, 3315
376.996, 3314
377.347, 3313
378.017, 3312
378.665, 3311
380.766, 3310
381.122, 3309
381.413, 3308
383.204, 3307
383.544, 3306
383.912, 3305
384.236, 3304
386.274, 3303
388.023, 3302
389.615, 3301
389.885, 3300
390.357, 3299
391.054, 3298
391.404, 3297
391.668, 3296
391.974, 3295
393.464, 3294
394.437, 3293
395.386, 3292
396.05, 3291
398.571, 3290
399.462, 3289
402.608, 3288
405.19, 3287
405.779, 3286
407.71, 3285
408.424, 3284
408.673, 3283
409.864, 3282
410.523, 3281
411.847, 3280
412.172, 3279
414.161, 3278
414.776, 3277
416.556, 3276
417.346, 3275
418.589, 3274
419.934, 3273
422.345, 3272
422.681, 3271
424.19, 3270
424.953, 3269
431.059, 3268
431.422, 3267
431.719, 3266
434.343, 3265
434.978, 3264
438.226, 3263
438.75, 3262
440.761, 3261
441.367, 3260
442.351, 3259
446.659, 3258
448.168, 3257
450.309, 3256
450.6, 3255
451.292, 3254
452.518, 3253
454.055, 3252
455.255, 3251
456.843, 3250
459.346, 3249
459.585, 3248
462.245, 3247
462.609, 3246
462.911, 3245
463.244, 3244
464.382, 3243
468.503, 3242
469.511, 3241
470.094, 3240
473.654, 3239
474.529, 3238
476.481, 3237
476.755, 3236
478.142, 3235
479.788, 3234
481.383, 3233
481.581, 3232
482.569, 3231
482.929, 3230
483.932, 3229
484.887, 3228
486.767, 3227
487.061, 3226
488.724, 3225
489.203, 3224
489.55, 3223
495.881, 3222
496.9, 3221
497.518, 3220
498.622, 3219
499.555, 3218
499.826, 3217
500.746, 3216
501.994, 3215
502.598, 3214
503.372, 3213
507.526, 3212
510.001, 3211
511.944, 3210
513.013, 3209
519.606, 3208
522.398, 3207
524.693, 3206
525.056, 3205
525.717, 3204
528.548, 3203
530.379, 3202
530.959, 3201
531.839, 3200
533.061, 3199
534.875, 3198
535.192, 3197
536.022, 3196
539.328, 3195
540.289, 3194
540.902, 3193
543.122, 3192
543.773, 3191
544.586, 3190
544.954, 3189
545.244, 3188
545.919, 3187
548.085, 3186
550.201, 3185
552.852, 3184
553.215, 3183
554.109, 3182
554.733, 3181
555.073, 3179
557.633, 3178
557.995, 3177
558.3, 3176
558.844, 3175
559.167, 3174
564.426, 3173
565.016, 3172
565.379, 3171
565.916, 3170
566.67, 3169
567.577, 3168
567.845, 3167
574.172, 3166
574.848, 3165
575.534, 3164
577.504, 3163
579.16, 3162
580.752, 3161
582.13, 3160
583.315, 3159
587.186, 3158
589.263, 3157
592.297, 3156
597.758, 3155
598.126, 3154
599.097, 3153
599.328, 3152
600.014, 3151
601.552, 3150
602.501, 3149
606.692, 3148
609.381, 3147
611.632, 3146
611.887, 3145
615.87, 3144
618.237, 3143
618.828, 3142
619.138, 3141
619.768, 3140
620.688, 3139
622.027, 3138
625.163, 3137
626.424, 3136
627.665, 3135
629.178, 3134
629.434, 3133
630.226, 3132
631.341, 3131
635.858, 3130
641.418, 3129
642.128, 3128
642.703, 3127
646.483, 3126
647.421, 3125
648.694, 3124
649.531, 3123
655.71, 3122
656.043, 3121
657.748, 3120
660.292, 3119
665.809, 3118
666.599, 3117
667.249, 3116
667.968, 3115
670.441, 3113
671.651, 3112
677.045, 3111
678.57, 3110
678.88, 3109
684.24, 3108
687.665, 3107
689.609, 3106
695.623, 3105
697.444, 3104
699.058, 3103
700.819, 3102
702.966, 3101
705.596, 3100
706.283, 3099
707.851, 3098
709.265, 3097
709.616, 3096
711.7, 3095
712.606, 3094
712.949, 3093
717.166, 3092
718.164, 3091
719.018, 3090
719.383, 3089
720.498, 3088
721.635, 3087
723.523, 3086
726.727, 3085
728.561, 3084
734.525, 3083
735.954, 3082
739.152, 3081
739.422, 3080
741.344, 3079
744.134, 3078
744.347, 3077
745.571, 3076
746.209, 3075
747.55, 3074
748.723, 3073
750.434, 3072
751.513, 3070
753.412, 3069
759.751, 3068
760.742, 3067
763.205, 3066
764.332, 3065
765.8, 3064
767.033, 3063
773.148, 3062
774.07, 3061
774.605, 3060
775.198, 3059
775.554, 3058
781.834, 3057
784.59, 3056
785.204, 3055
785.773, 3054
787.599, 3053
788.174, 3052
791.415, 3051
791.703, 3050
792.666, 3049
793.188, 3048
793.455, 3047
798.086, 3046
798.383, 3045
798.727, 3044
798.997, 3043
800.742, 3042
800.994, 3041
802.709, 3040
807.599, 3039
808.712, 3038
810.775, 3037
813.497, 3035
813.86, 3034
815.498, 3033
817.108, 3032
817.701, 3031
825.427, 3030
828.161, 3029
828.823, 3028
829.15, 3027
829.468, 3026
834.477, 3025
835.037, 3024
838.419, 3023
840.276, 3022
840.569, 3021
841.82, 3019
842.532, 3017
844.527, 3016
847.015, 3015
850.485, 3014
852.672, 3013
854.522, 3012
855.351, 3011
857.029, 3010
859.379, 3009
860.94, 3008
862.867, 3007
868.197, 3006
868.828, 3005
870.473, 3004
870.807, 3003
871.163, 3002
872.758, 3001
873.053, 3000
880.956, 2999
881.309, 2998
881.973, 2997
883.569, 2996
884.761, 2995
885.374, 2994
885.695, 2993
887.886, 2992
888.211, 2991
889.084, 2990
895.118, 2989
903.869, 2988
906.127, 2987
910.102, 2986
913.396, 2985
913.961, 2984
916.065, 2983
918.293, 2982
918.534, 2981
918.99, 2980
920.839, 2978
923.911, 2977
930.994, 2976
933.289, 2975
941.681, 2974
945.906, 2973
947.03, 2972
948.812, 2971
953.746, 2970
954.385, 2969
967.057, 2968
967.416, 2967
967.68, 2966
968.849, 2965
971.023, 2964
972.249, 2963
974.461, 2962
979.389, 2961
980.012, 2960
981.292, 2959
982.247, 2958
989.162, 2957
992.988, 2956
995.974, 2955
1000.67, 2954
1001.02, 2953
1002.45, 2952
1008.18, 2951
1014.12, 2950
1015.89, 2949
1017.92, 2948
1018.27, 2947
1019.25, 2946
1022.39, 2945
1023.2, 2944
1025.54, 2943
1028.09, 2942
1031.07, 2941
1036.78, 2940
1037.08, 2939
1037.42, 2938
1037.73, 2937
1038.04, 2936
1040.06, 2935
1045.09, 2934
1049.58, 2933
1052.54, 2932
1056.94, 2931
1057.72, 2930
1058.29, 2929
1058.86, 2928
1060.78, 2927
1061.76, 2926
1069.79, 2925
1070.43, 2924
1071.31, 2923
1073.03, 2922
1080.52, 2921
1081.22, 2920
1085.56, 2919
1095.96, 2918
1096.31, 2917
1097.43, 2916
1101.06, 2915
1107.04, 2914
1118.38, 2913
1119.03, 2912
1119.69, 2911
1121.22, 2910
1122.34, 2909
1125.02, 2908
1125.66, 2907
1126.58, 2906
1128.08, 2905
1133.18, 2904
1137.31, 2903
1137.67, 2902
1147.96, 2901
1148.86, 2900
1152.37, 2899
1155.49, 2898
1164.35, 2897
1171.72, 2896
1180.2, 2895
1180.76, 2894
1186.68, 2893
1192.47, 2892
1199.36, 2891
1211.95, 2890
1214.96, 2889
1221.85, 2888
1225.76, 2887
1226.41, 2886
1227.17, 2885
1228.84, 2884
1230.87, 2883
1231.71, 2882
1234.17, 2881
1236.08, 2880
1241.75, 2879
1244.27, 2878
1244.73, 2877
1246.24, 2876
1249.91, 2875
1252.38, 2874
1254.24, 2873
1255.47, 2872
1259.06, 2871
1259.35, 2870
1261.54, 2869
1265.83, 2868
1266.35, 2867
1266.99, 2866
1268.77, 2865
1269.03, 2864
1270.63, 2863
1274.26, 2862
1275.31, 2861
1279.49, 2860
1279.72, 2859
1280.07, 2858
1280.42, 2857
1281.58, 2856
1284.7, 2855
1285.04, 2854
1290.51, 2853
1294.77, 2852
1295.65, 2851
1297.16, 2850
1301.03, 2849
1302.74, 2848
1306.02, 2847
1309.59, 2846
1309.9, 2845
1319.18, 2844
1323.84, 2843
1324.83, 2842
1325.07, 2841
1325.96, 2840
1330, 2839
1334.49, 2838
1340.32, 2837
1341.67, 2836
1349.18, 2835
1357.44, 2834
1364.61, 2833
1364.86, 2832
1366.2, 2831
1372.28, 2830
1372.76, 2829
1374.31, 2828
1376.71, 2827
1378.49, 2826
1379.93, 2825
1380.25, 2824
1383.54, 2823
1385.56, 2822
1392.87, 2820
1400.77, 2819
1402.19, 2818
1403.33, 2817
1405.44, 2816
1411.24, 2815
1413.36, 2814
1419.06, 2813
1420.55, 2812
1423.66, 2811
1425.07, 2810
1430.5, 2809
1434.99, 2808
1437.51, 2807
1442.98, 2806
1445.35, 2805
1448.47, 2804
1448.71, 2803
1449.16, 2802
1463.61, 2801
1476.56, 2800
1477.36, 2799
1480.95, 2798
1483.04, 2797
1483.73, 2796
1487, 2795
1500.13, 2794
1504.16, 2793
1504.5, 2792
1512.09, 2791
1515.97, 2789
1516.25, 2788
1524.02, 2787
1526.95, 2786
1531.41, 2785
1535.75, 2784
1536.28, 2783
1540.2, 2782
1543.08, 2781
1544.67, 2780
1556.29, 2779
1557.21, 2778
1559.31, 2777
1561.79, 2776
1564.97, 2774
1577.28, 2773
1578.26, 2772
1581.85, 2771
1584.48, 2770
1589.19, 2769
1591.89, 2768
1595.26, 2767
1616.11, 2766
1621.14, 2765
1622.07, 2764
1629.06, 2763
1631.04, 2762
1637.09, 2761
1639.35, 2760
1640.06, 2759
1644.51, 2758
1644.79, 2757
1645.66, 2756
1647.4, 2755
1649.17, 2754
1651.88, 2753
1653.33, 2752
1655.9, 2751
1657.38, 2750
1658.16, 2749
1664.91, 2747
1665.46, 2746
1666.07, 2745
1671.62, 2744
1676.77, 2743
1679.33, 2742
1685.79, 2741
1688.68, 2740
1692.44, 2739
1694.1, 2738
1698.17, 2737
1704.06, 2736
1709.26, 2735
1721.48, 2734
1722.33, 2733
1726.27, 2732
1730.84, 2731
1731.52, 2730
1734.23, 2729
1747.05, 2728
1747.66, 2727
1749.14, 2726
1758.81, 2725
1763.39, 2724
1763.96, 2723
1765.47, 2722
1768.49, 2721
1768.77, 2720
1771.21, 2719
1775.12, 2718
1776.2, 2717
1782.51, 2716
1787.57, 2715
1794.36, 2714
1794.89, 2713
1800.7, 2712
1801, 2711
1801.61, 2710
1810, 2709
1811.57, 2708
1816.03, 2707
1818.33, 2706
1822.71, 2705
1822.98, 2704
1828.35, 2703
1830.04, 2702
1832.68, 2701
1839.29, 2700
1841.72, 2699
1843.92, 2698
1846.66, 2697
1849.66, 2696
1858.23, 2695
1864.17, 2694
1872.76, 2693
1873.67, 2692
1874.82, 2691
1878, 2690
1888.07, 2689
1892.22, 2688
1893.15, 2687
1897.89, 2686
1898.5, 2685
1901.68, 2684
1908.63, 2683
1910.18, 2682
1915.14, 2681
1915.39, 2680
1920.73, 2679
1922.6, 2678
1926, 2677
1932.67, 2676
1937.61, 2675
1944.24, 2674
1959.58, 2673
1961.29, 2672
1966.36, 2671
1967.7, 2670
1968.31, 2669
1973.21, 2668
1980.64, 2667
1982.11, 2666
1982.72, 2665
1986.89, 2664
2002.03, 2663
2003.58, 2662
2004.9, 2661
2009.63, 2660
2013.34, 2659
2014.12, 2658
2018.26, 2657
2028.88, 2656
2030.5, 2655
2032.65, 2654
2033.53, 2653
2035.32, 2652
2040.61, 2651
2046.74, 2650
2049.01, 2649
2053.05, 2648
2054.83, 2647
2055.44, 2646
2059.46, 2645
2065.66, 2644
2071.41, 2643
2077.49, 2642
2091.08, 2641
2091.9, 2640
2096.26, 2639
2099.21, 2638
2104.33, 2637
2116.5, 2636
2124.47, 2635
2126.36, 2634
2134.2, 2633
2134.75, 2632
2159.17, 2631
2169.51, 2630
2179.88, 2629
2184.01, 2628
2192.41, 2627
2209.35, 2626
2220.13, 2625
2237.47, 2624
2239.45, 2623
2241.19, 2622
2246.9, 2621
2251.9, 2620
2256.53, 2619
2257.32, 2618
2264.83, 2617
2265.17, 2616
2282.6, 2615
2290.95, 2614
2295.54, 2613
2297.3, 2612
2297.94, 2611
2301.79, 2609
2305.41, 2608
2310.25, 2607
2336.62, 2606
2337.82, 2605
2339.34, 2604
2341.15, 2603
2352.18, 2602
2355.56, 2601
2362.59, 2600
2363.42, 2599
2368.03, 2598
2369.2, 2597
2376.14, 2596
2376.95, 2595
2377.96, 2594
2387.43, 2593
2395.89, 2592
2405, 2591
2408.3, 2590
2437.45, 2589
2445.91, 2588
2447, 2587
2463.83, 2586
2469.28, 2585
2481.01, 2584
2484.38, 2583
2489.17, 2581
2503.62, 2580
2504.77, 2579
2519.02, 2578
2525.82, 2577
2529.68, 2576
2544.24, 2575
2545.4, 2574
2559.54, 2573
2560.66, 2572
2563.58, 2571
2579.79, 2570
2586.78, 2569
2594.03, 2568
2597.89, 2567
2620.3, 2566
2630.43, 2565
2644.97, 2564
2650.2, 2563
2652.26, 2562
2654.91, 2561
2657.9, 2560
2666.04, 2559
2666.28, 2558
2672.73, 2557
2673.23, 2556
2683.87, 2555
2687.27, 2554
2689.53, 2553
2695.18, 2552
2697.54, 2551
2714.41, 2550
2715.53, 2549
2729.68, 2548
2741.3, 2547
2756.28, 2546
2757.67, 2545
2766.51, 2544
2774.85, 2543
2791.58, 2542
2793.25, 2541
2815.46, 2540
2818.86, 2539
2822.61, 2538
2824.47, 2537
2834.9, 2536
2858.14, 2535
2858.42, 2534
2860.09, 2533
2863.61, 2532
2864.35, 2531
2880.69, 2530
2890.85, 2529
2897.16, 2528
2925.77, 2527
2934.95, 2526
2936.87, 2525
2938.22, 2524
2973.83, 2523
2976.63, 2522
2982.71, 2521
2989.52, 2520
2997.73, 2518
3008.61, 2517
3016.77, 2516
3018.11, 2515
3025.57, 2514
3033.2, 2513
3049.9, 2512
3059.42, 2511
3070.86, 2510
3074.49, 2509
3082.02, 2508
3084.47, 2507
3085.47, 2506
3115.19, 2505
3119.49, 2504
3133.2, 2503
3136.06, 2502
3148.98, 2501
3152.34, 2500
3163.54, 2499
3166.64, 2498
3168.56, 2497
3170.17, 2496
3170.76, 2495
3177.85, 2494
3179.88, 2493
3200.48, 2492
3209.07, 2491
3210.21, 2490
3229.42, 2489
3231.45, 2488
3248.5, 2487
3286.58, 2486
3287.99, 2485
3305.91, 2484
3310.39, 2483
3316.07, 2482
3319.5, 2481
3324.96, 2480
3364.12, 2479
3378.54, 2478
3386.03, 2477
3392.79, 2476
3394.76, 2475
3396.59, 2474
3412.12, 2473
3417.68, 2472
3431.83, 2471
3452.35, 2470
3465.02, 2469
3470.36, 2468
3471.85, 2467
3479.17, 2466
3484.25, 2465
3489.3, 2464
3508.33, 2463
3530.76, 2462
3565.08, 2461
3570.46, 2460
3572.1, 2459
3574.32, 2458
3589.33, 2457
