28.1162, 6343
31.631, 6342
63.7055, 6341
89.3149, 6340
351.422, 6339
365.143, 6338
396.207, 6337
465.362, 6336
468.583, 6335
488.44, 6334
500.348, 6333
503.701, 6332
516.988, 6331
520.687, 6330
531.119, 6329
556.334, 6328
580.44, 6327
587.224, 6326
590.737, 6325
639.87, 6324
656.796, 6323
658.595, 6322
665.24, 6321
719.557, 6320
735.804, 6319
744.368, 6318
746.218, 6317
756.691, 6316
804.598, 6315
818.167, 6314
830.126, 6313
833.293, 6312
851.414, 6311
873.711, 6310
876.728, 6309
878.545, 6308
880.195, 6307
923.962, 6306
932.857, 6305
951.37, 6304
963.118, 6303
965.025, 6302
968.505, 6301
983.692, 6300
986.798, 6299
988.296, 6298
1002.16, 6297
1007.16, 6296
1012.02, 6295
1017.43, 6294
1022.41, 6293
1029.26, 6292
1063.86, 6291
1067.49, 6290
1079.71, 6289
1090.14, 6288
1098.49, 6287
1116.55, 6286
1129.93, 6285
1136.63, 6284
1140.07, 6283
1147.11, 6282
1148.9, 6281
1177.81, 6280
1183.08, 6279
1228, 6278
1276.77, 6277
1286.9, 6276
1301.81, 6275
1303.65, 6274
1305.46, 6273
1315.65, 6272
1317.44, 6271
1326.97, 6270
1337.36, 6269
1339.36, 6268
1354.77, 6267
1363.21, 6266
1368.53, 6265
1372.05, 6264
1389.89, 6263
1398.82, 6262
1410.75, 6261
1412.47, 6260
1414.06, 6259
1419.46, 6258
1427.94, 6257
1431.58, 6256
1445.55, 6255
1454.04, 6254
1467.21, 6253
1474.38, 6252
1479.59, 6251
1486.41, 6250
1500.55, 6249
1504.02, 6248
1507.14, 6247
1518.76, 6246
1535.59, 6245
1537.32, 6244
1540.72, 6243
1563.73, 6242
1572.24, 6241
1573.99, 6240
1608.84, 6239
1610.25, 6238
1624.11, 6237
1628.97, 6236
1639.39, 6235
1644.69, 6234
1658.73, 6233
1668.64, 6232
1673.84, 6231
1686.15, 6230
1689.43, 6229
1692.88, 6228
1723.94, 6227
1737.85, 6226
1741.19, 6225
1763.76, 6224
1774.62, 6223
1790.47, 6222
1817.87, 6221
1824.9, 6220
1829.93, 6219
1856.19, 6218
1878.08, 6217
1948.43, 6216
1953.48, 6215
1956.67, 6214
1987.66, 6213
1989.43, 6212
1990.98, 6211
1992.65, 6210
2007.86, 6209
2011.4, 6208
2043.2, 6207
2046.82, 6206
2070.38, 6205
2077.25, 6204
2083.78, 6203
2087.27, 6202
2115.06, 6201
2124.15, 6200
2129.15, 6199
2130.93, 6198
2132.67, 6197
2156.82, 6196
2160.3, 6195
2175.52, 6194
2191.05, 6193
2212.82, 6192
2217.98, 6191
2230.78, 6190
2237.9, 6189
2248.12, 6188
2258.62, 6187
2268.58, 6186
2280.91, 6185
2297.81, 6184
2302.76, 6183
2316.54, 6182
2365.77, 6181
2378.3, 6180
2388.23, 6179
2403.33, 6178
2413.75, 6177
2434.65, 6176
2439.52, 6175
2441.26, 6174
2444.94, 6173
2481.13, 6172
2486.59, 6171
2493.58, 6170
2496.95, 6169
2512.56, 6168
2524.67, 6167
2529.84, 6166
2540.45, 6165
2550.34, 6164
2555.44, 6163
2558.83, 6162
2565.74, 6161
2574.08, 6160
2594.26, 6159
2627.72, 6158
2666.53, 6157
2676.64, 6156
2710.05, 6155
2713.43, 6154
2729.16, 6153
2752.86, 6152
2757.82, 6151
2764.3, 6150
2772.88, 6149
2785.1, 6148
2802.78, 6147
2824.57, 6146
2826.16, 6145
2829.48, 6144
2837.63, 6143
2849.42, 6142
2888.01, 6141
2896.54, 6140
2935.99, 6139
2945.03, 6138
2946.75, 6137
2951.94, 6136
3010.98, 6135
3023.09, 6134
3028.19, 6133
3031.58, 6132
3067.83, 6131
3108.96, 6130
3129.39, 6129
3151.27, 6128
3159.83, 6127
3166.55, 6126
3177.13, 6125
3186.12, 6124
3209.38, 6123
3221.42, 6122
3244.7, 6121
3256.98, 6120
3258.73, 6119
3269.39, 6118
3306, 6117
3324.75, 6116
3333.88, 6115
3343.73, 6114
3397.24, 6113
3406.31, 6112
3421.58, 6111
3428.24, 6110
3431.89, 6109
3457.77, 6108
3466.51, 6107
3482.27, 6106
3485.88, 6105
3489.41, 6104
3496.52, 6103
3506.99, 6102
3510.31, 6101
3515.45, 6100
3529.13, 6099
3574.58, 6098
3595.71, 6097
3599.4, 6096
